2024-11-04 15:12:42,875 - DeepStreamLauncher - INFO - Starting DeepStream Launcher...
2024-11-04 15:12:42,876 - DeepStreamLauncher - INFO - Created pipe: /tmp/ds_detection_pipe
2024-11-04 15:12:42,876 - DeepStreamLauncher - INFO - Created pipe: /tmp/ds_segmentation_pipe
2024-11-04 15:12:42,976 - DeepStreamLauncher - INFO - Opening pipes for reading...
2024-11-04 15:12:42,976 - DeepStreamLauncher - INFO - Opened pipe: /tmp/ds_detection_pipe
2024-11-04 15:12:42,976 - DeepStreamLauncher - INFO - Opened pipe: /tmp/ds_segmentation_pipe
2024-11-04 15:12:42,976 - DeepStreamLauncher - INFO - Starting DeepStream...
2024-11-04 15:12:44,980 - DeepStreamLauncher - INFO - DeepStream started successfully
2024-11-04 15:12:44,981 - DeepStreamLauncher - INFO - Starting reader for /tmp/ds_detection_pipe
2024-11-04 15:12:44,981 - DeepStreamLauncher - INFO - Starting reader for /tmp/ds_segmentation_pipe
2024-11-04 15:12:44,981 - DeepStreamLauncher - INFO - DeepStream Launcher started successfully
2024-11-04 15:12:50,041 - DeepStreamLauncher - DEBUG - Reader for /tmp/ds_segmentation_pipe waiting for data...
2024-11-04 15:12:50,041 - DeepStreamLauncher - DEBUG - Reader for /tmp/ds_detection_pipe waiting for data...
2024-11-04 15:12:55,112 - DeepStreamLauncher - DEBUG - Reader for /tmp/ds_segmentation_pipe waiting for data...
2024-11-04 15:12:55,114 - DeepStreamLauncher - DEBUG - Reader for /tmp/ds_detection_pipe waiting for data...
2024-11-04 15:13:00,184 - DeepStreamLauncher - DEBUG - Reader for /tmp/ds_segmentation_pipe waiting for data...
2024-11-04 15:13:00,185 - DeepStreamLauncher - DEBUG - Reader for /tmp/ds_detection_pipe waiting for data...
2024-11-04 15:13:05,256 - DeepStreamLauncher - DEBUG - Reader for /tmp/ds_segmentation_pipe waiting for data...
2024-11-04 15:13:05,256 - DeepStreamLauncher - DEBUG - Reader for /tmp/ds_detection_pipe waiting for data...
2024-11-04 15:13:10,327 - DeepStreamLauncher - DEBUG - Reader for /tmp/ds_segmentation_pipe waiting for data...
2024-11-04 15:13:10,337 - DeepStreamLauncher - DEBUG - Reader for /tmp/ds_detection_pipe waiting for data...
2024-11-04 15:13:15,399 - DeepStreamLauncher - DEBUG - Reader for /tmp/ds_segmentation_pipe waiting for data...
2024-11-04 15:13:15,408 - DeepStreamLauncher - DEBUG - Reader for /tmp/ds_detection_pipe waiting for data...
2024-11-04 15:13:20,470 - DeepStreamLauncher - DEBUG - Reader for /tmp/ds_segmentation_pipe waiting for data...
2024-11-04 15:13:20,479 - DeepStreamLauncher - DEBUG - Reader for /tmp/ds_detection_pipe waiting for data...
2024-11-04 15:13:25,542 - DeepStreamLauncher - DEBUG - Reader for /tmp/ds_segmentation_pipe waiting for data...
2024-11-04 15:13:25,551 - DeepStreamLauncher - DEBUG - Reader for /tmp/ds_detection_pipe waiting for data...
2024-11-04 15:13:30,613 - DeepStreamLauncher - DEBUG - Reader for /tmp/ds_segmentation_pipe waiting for data...
2024-11-04 15:13:30,622 - DeepStreamLauncher - DEBUG - Reader for /tmp/ds_detection_pipe waiting for data...
2024-11-04 15:13:35,685 - DeepStreamLauncher - DEBUG - Reader for /tmp/ds_segmentation_pipe waiting for data...
2024-11-04 15:13:35,693 - DeepStreamLauncher - DEBUG - Reader for /tmp/ds_detection_pipe waiting for data...
2024-11-04 15:13:40,756 - DeepStreamLauncher - DEBUG - Reader for /tmp/ds_segmentation_pipe waiting for data...
2024-11-04 15:13:40,764 - DeepStreamLauncher - DEBUG - Reader for /tmp/ds_detection_pipe waiting for data...
2024-11-04 15:13:45,827 - DeepStreamLauncher - DEBUG - Reader for /tmp/ds_segmentation_pipe waiting for data...
2024-11-04 15:13:45,835 - DeepStreamLauncher - DEBUG - Reader for /tmp/ds_detection_pipe waiting for data...
2024-11-04 15:13:50,897 - DeepStreamLauncher - DEBUG - Reader for /tmp/ds_segmentation_pipe waiting for data...
2024-11-04 15:13:50,905 - DeepStreamLauncher - DEBUG - Reader for /tmp/ds_detection_pipe waiting for data...
2024-11-04 15:13:55,968 - DeepStreamLauncher - DEBUG - Reader for /tmp/ds_segmentation_pipe waiting for data...
2024-11-04 15:13:55,976 - DeepStreamLauncher - DEBUG - Reader for /tmp/ds_detection_pipe waiting for data...
2024-11-04 15:14:01,039 - DeepStreamLauncher - DEBUG - Reader for /tmp/ds_segmentation_pipe waiting for data...
2024-11-04 15:14:01,046 - DeepStreamLauncher - DEBUG - Reader for /tmp/ds_detection_pipe waiting for data...
2024-11-04 15:14:06,110 - DeepStreamLauncher - DEBUG - Reader for /tmp/ds_segmentation_pipe waiting for data...
2024-11-04 15:14:06,117 - DeepStreamLauncher - DEBUG - Reader for /tmp/ds_detection_pipe waiting for data...
2024-11-04 15:14:11,181 - DeepStreamLauncher - DEBUG - Reader for /tmp/ds_segmentation_pipe waiting for data...
2024-11-04 15:14:11,188 - DeepStreamLauncher - DEBUG - Reader for /tmp/ds_detection_pipe waiting for data...
2024-11-04 15:14:16,251 - DeepStreamLauncher - DEBUG - Reader for /tmp/ds_segmentation_pipe waiting for data...
2024-11-04 15:14:16,259 - DeepStreamLauncher - DEBUG - Reader for /tmp/ds_detection_pipe waiting for data...
2024-11-04 15:14:21,322 - DeepStreamLauncher - DEBUG - Reader for /tmp/ds_segmentation_pipe waiting for data...
2024-11-04 15:14:21,329 - DeepStreamLauncher - DEBUG - Reader for /tmp/ds_detection_pipe waiting for data...
2024-11-04 15:14:26,393 - DeepStreamLauncher - DEBUG - Reader for /tmp/ds_segmentation_pipe waiting for data...
2024-11-04 15:14:26,402 - DeepStreamLauncher - DEBUG - Reader for /tmp/ds_detection_pipe waiting for data...
2024-11-04 15:14:31,464 - DeepStreamLauncher - DEBUG - Reader for /tmp/ds_segmentation_pipe waiting for data...
2024-11-04 15:14:31,472 - DeepStreamLauncher - DEBUG - Reader for /tmp/ds_detection_pipe waiting for data...
2024-11-04 15:14:36,534 - DeepStreamLauncher - DEBUG - Reader for /tmp/ds_segmentation_pipe waiting for data...
2024-11-04 15:14:36,543 - DeepStreamLauncher - DEBUG - Reader for /tmp/ds_detection_pipe waiting for data...
2024-11-04 15:14:41,605 - DeepStreamLauncher - DEBUG - Reader for /tmp/ds_segmentation_pipe waiting for data...
2024-11-04 15:14:41,617 - DeepStreamLauncher - DEBUG - Reader for /tmp/ds_detection_pipe waiting for data...
2024-11-04 15:14:46,676 - DeepStreamLauncher - DEBUG - Reader for /tmp/ds_segmentation_pipe waiting for data...
2024-11-04 15:14:46,689 - DeepStreamLauncher - DEBUG - Reader for /tmp/ds_detection_pipe waiting for data...
2024-11-04 15:14:51,747 - DeepStreamLauncher - DEBUG - Reader for /tmp/ds_segmentation_pipe waiting for data...
2024-11-04 15:14:51,760 - DeepStreamLauncher - DEBUG - Reader for /tmp/ds_detection_pipe waiting for data...
2024-11-04 15:14:56,820 - DeepStreamLauncher - DEBUG - Reader for /tmp/ds_segmentation_pipe waiting for data...
2024-11-04 15:14:56,830 - DeepStreamLauncher - DEBUG - Reader for /tmp/ds_detection_pipe waiting for data...
2024-11-04 15:15:01,891 - DeepStreamLauncher - DEBUG - Reader for /tmp/ds_segmentation_pipe waiting for data...
2024-11-04 15:15:01,901 - DeepStreamLauncher - DEBUG - Reader for /tmp/ds_detection_pipe waiting for data...
2024-11-04 15:15:06,961 - DeepStreamLauncher - DEBUG - Reader for /tmp/ds_segmentation_pipe waiting for data...
2024-11-04 15:15:06,972 - DeepStreamLauncher - DEBUG - Reader for /tmp/ds_detection_pipe waiting for data...
2024-11-04 15:15:12,033 - DeepStreamLauncher - DEBUG - Reader for /tmp/ds_segmentation_pipe waiting for data...
2024-11-04 15:15:12,043 - DeepStreamLauncher - DEBUG - Reader for /tmp/ds_detection_pipe waiting for data...
2024-11-04 15:15:17,104 - DeepStreamLauncher - DEBUG - Reader for /tmp/ds_segmentation_pipe waiting for data...
2024-11-04 15:15:17,114 - DeepStreamLauncher - DEBUG - Reader for /tmp/ds_detection_pipe waiting for data...
2024-11-04 15:15:22,175 - DeepStreamLauncher - DEBUG - Reader for /tmp/ds_segmentation_pipe waiting for data...
2024-11-04 15:15:22,185 - DeepStreamLauncher - DEBUG - Reader for /tmp/ds_detection_pipe waiting for data...
2024-11-04 15:15:27,246 - DeepStreamLauncher - DEBUG - Reader for /tmp/ds_segmentation_pipe waiting for data...
2024-11-04 15:15:27,256 - DeepStreamLauncher - DEBUG - Reader for /tmp/ds_detection_pipe waiting for data...
2024-11-04 15:15:32,316 - DeepStreamLauncher - DEBUG - Reader for /tmp/ds_segmentation_pipe waiting for data...
2024-11-04 15:15:32,329 - DeepStreamLauncher - DEBUG - Reader for /tmp/ds_detection_pipe waiting for data...
2024-11-04 15:15:37,387 - DeepStreamLauncher - DEBUG - Reader for /tmp/ds_segmentation_pipe waiting for data...
2024-11-04 15:15:37,400 - DeepStreamLauncher - DEBUG - Reader for /tmp/ds_detection_pipe waiting for data...
2024-11-04 15:15:42,458 - DeepStreamLauncher - DEBUG - Reader for /tmp/ds_segmentation_pipe waiting for data...
2024-11-04 15:15:42,471 - DeepStreamLauncher - DEBUG - Reader for /tmp/ds_detection_pipe waiting for data...
2024-11-04 15:15:43,857 - DeepStreamLauncher - INFO - Stopping DeepStream Launcher...
2024-11-04 15:15:44,216 - DeepStreamLauncher - INFO - DeepStream [STDOUT]: nvstreammux: Successfully handled EOS for source_id=0
2024-11-04 15:15:45,217 - DeepStreamLauncher - INFO - DeepStream [STDOUT]: nvstreammux: Successfully handled EOS for source_id=0
2024-11-04 15:15:46,276 - DeepStreamLauncher - INFO - DeepStream Launcher stopped
