2025-01-22 15:14:46,754 - DeepStreamLauncher - INFO - Starting DeepStream Launcher...
2025-01-22 15:14:46,754 - DeepStreamLauncher - INFO - Created pipe: /tmp/ds_detection_pipe
2025-01-22 15:14:46,754 - DeepStreamLauncher - INFO - Created pipe: /tmp/ds_segmentation_pipe
2025-01-22 15:14:46,855 - DeepStreamLauncher - INFO - Opening pipes for reading...
2025-01-22 15:14:46,855 - DeepStreamLauncher - INFO - Opened pipe: /tmp/ds_detection_pipe
2025-01-22 15:14:46,855 - DeepStreamLauncher - INFO - Opened pipe: /tmp/ds_segmentation_pipe
2025-01-22 15:14:46,855 - DeepStreamLauncher - INFO - Starting DeepStream...
2025-01-22 15:14:46,856 - DeepStreamLauncher - INFO - DeepStream process PID: 784368
2025-01-22 15:14:46,871 - DeepStreamLauncher - INFO - DeepStream STDOUT: Setting up IPC pipes...
2025-01-22 15:14:46,871 - DeepStreamLauncher - INFO - DeepStream STDOUT: Opening detection pipe for writing...
2025-01-22 15:14:46,871 - DeepStreamLauncher - INFO - DeepStream STDOUT: Opening segmentation pipe for writing...
2025-01-22 15:14:46,871 - DeepStreamLauncher - INFO - DeepStream STDOUT: Both pipes opened successfully
2025-01-22 15:14:46,871 - DeepStreamLauncher - INFO - DeepStream STDOUT: Initializing config files...
2025-01-22 15:14:46,871 - DeepStreamLauncher - INFO - DeepStream STDOUT: Parsing config file for Stream[0]: /home/tat/deepstream-custom-app/configs/deepstream_app_config_box_wedcam.txt
2025-01-22 15:14:46,871 - DeepStreamLauncher - INFO - DeepStream STDERR: 0:00:00.010777680 [331m784368[00m 0x55eeb9f35b60 [31;01mERROR  [00m [00m     NVDS_CFG_PARSER deepstream_app_config_parser.c:526:parse_config_file:[00m Failed to parse 'source0' group
2025-01-22 15:14:46,871 - DeepStreamLauncher - INFO - DeepStream STDOUT: Parsing config file for Stream[1]: /home/tat/deepstream-custom-app/configs/deepstream_app_config_seg.txt
2025-01-22 15:14:46,871 - DeepStreamLauncher - INFO - DeepStream STDOUT: ** ERROR: <parse_source:425>: Did not parse source group "[source0]". Another source group with source-id 0 already exists
2025-01-22 15:14:46,871 - DeepStreamLauncher - INFO - DeepStream STDOUT: ** ERROR: <parse_config_file:606>: parse_config_file failed
2025-01-22 15:14:46,871 - DeepStreamLauncher - INFO - DeepStream STDOUT: Failed to parse config file '/home/tat/deepstream-custom-app/configs/deepstream_app_config_seg.txt'
2025-01-22 15:14:46,871 - DeepStreamLauncher - INFO - DeepStream STDOUT: Cleaning up...
2025-01-22 15:14:48,857 - DeepStreamLauncher - INFO - DeepStream started successfully
2025-01-22 15:14:48,858 - DeepStreamLauncher - INFO - Starting reader for /tmp/ds_detection_pipe
2025-01-22 15:14:48,858 - DeepStreamLauncher - INFO - Starting reader for /tmp/ds_segmentation_pipe
2025-01-22 15:14:48,859 - DeepStreamLauncher - INFO - DeepStream Launcher started successfully
2025-01-22 15:14:48,872 - DeepStreamLauncher - INFO - DeepStream STDOUT: Application completed successfully
2025-01-22 15:14:48,960 - DeepStreamLauncher - INFO - Stopping DeepStream Launcher...
2025-01-22 15:14:48,960 - DeepStreamLauncher - INFO - Terminating DeepStream process...
2025-01-22 15:14:49,461 - DeepStreamLauncher - INFO - DeepStream Launcher stopped
