2025-01-22 15:57:53,172 - DeepStreamLauncher - INFO - Starting DeepStream Launcher...
2025-01-22 15:57:53,172 - DeepStreamLauncher - INFO - Created pipe: /tmp/ds_detection_pipe
2025-01-22 15:57:53,172 - DeepStreamLauncher - INFO - Created pipe: /tmp/ds_segmentation_pipe
2025-01-22 15:57:53,273 - DeepStreamLauncher - INFO - Opening pipes for reading...
2025-01-22 15:57:53,273 - DeepStreamLauncher - INFO - Opened pipe: /tmp/ds_detection_pipe
2025-01-22 15:57:53,273 - DeepStreamLauncher - INFO - Opened pipe: /tmp/ds_segmentation_pipe
2025-01-22 15:57:53,274 - DeepStreamLauncher - INFO - Starting DeepStream...
2025-01-22 15:57:53,275 - DeepStreamLauncher - INFO - DeepStream process PID: 878599
2025-01-22 15:57:53,305 - DeepStreamLauncher - INFO - DeepStream STDOUT: Setting up IPC pipes...
2025-01-22 15:57:53,305 - DeepStreamLauncher - INFO - DeepStream STDOUT: Opening detection pipe for writing...
2025-01-22 15:57:53,305 - DeepStreamLauncher - INFO - DeepStream STDOUT: Opening segmentation pipe for writing...
2025-01-22 15:57:53,305 - DeepStreamLauncher - INFO - DeepStream STDOUT: Both pipes opened successfully
2025-01-22 15:57:53,305 - DeepStreamLauncher - INFO - DeepStream STDOUT: Initializing config files...
2025-01-22 15:57:53,305 - DeepStreamLauncher - INFO - DeepStream STDOUT: Parsing config file for Stream[0]: /home/tat/deepstream-custom-app/configs/deepstream_app_config_box_wedcam.txt
2025-01-22 15:57:53,305 - DeepStreamLauncher - INFO - DeepStream STDOUT: Parsing config file for Stream[1]: /home/tat/deepstream-custom-app/configs/deepstream_app_config_seg.txt
2025-01-22 15:57:53,305 - DeepStreamLauncher - INFO - DeepStream STDOUT: ROI set to: x=320, y=180, w=1280, h=720
2025-01-22 15:57:53,305 - DeepStreamLauncher - INFO - DeepStream STDOUT: ** WARN: <parse_streammux:779>: Unknown key 'batch-timeout' for group [streammux]
2025-01-22 15:57:53,305 - DeepStreamLauncher - INFO - DeepStream STDOUT: ** WARN: <parse_gie:1388>: Unknown key 'operate-on-roi' for group [primary-gie]
2025-01-22 15:57:53,305 - DeepStreamLauncher - INFO - DeepStream STDOUT: ** WARN: <parse_gie:1388>: Unknown key 'region-of-interest' for group [primary-gie]
2025-01-22 15:57:53,305 - DeepStreamLauncher - INFO - DeepStream STDOUT: Creating pipelines...
2025-01-22 15:57:53,305 - DeepStreamLauncher - INFO - DeepStream STDOUT: Creating pipeline for Stream[0]
2025-01-22 15:57:53,544 - DeepStreamLauncher - INFO - DeepStream STDOUT: Creating pipeline for Stream[1]
2025-01-22 15:57:53,546 - DeepStreamLauncher - INFO - DeepStream STDERR: Unknown or legacy key specified 'input-shape' for group [property]
2025-01-22 15:57:53,547 - DeepStreamLauncher - INFO - DeepStream STDERR: 
2025-01-22 15:57:53,547 - DeepStreamLauncher - INFO - DeepStream STDERR: (deepstream-app:878599): GLib-CRITICAL **: 15:57:53.547: g_key_file_load_from_file: assertion 'file != NULL' failed
2025-01-22 15:57:55,277 - DeepStreamLauncher - ERROR - DeepStream failed to start: 
2025-01-22 15:57:55,277 - DeepStreamLauncher - ERROR - Failed to start DeepStream
2025-01-22 15:57:55,277 - DeepStreamLauncher - INFO - Stopping DeepStream Launcher...
2025-01-22 15:57:55,278 - DeepStreamLauncher - INFO - Terminating DeepStream process...
2025-01-22 15:57:55,778 - DeepStreamLauncher - INFO - DeepStream Launcher stopped
2025-01-22 15:57:55,779 - DeepStreamLauncher - INFO - Stopping DeepStream Launcher...
2025-01-22 15:57:56,279 - DeepStreamLauncher - INFO - DeepStream Launcher stopped
