2025-01-22 16:03:28,571 - DeepStreamLauncher - INFO - Starting DeepStream Launcher...
2025-01-22 16:03:28,571 - DeepStreamLauncher - INFO - Created pipe: /tmp/ds_detection_pipe
2025-01-22 16:03:28,571 - DeepStreamLauncher - INFO - Created pipe: /tmp/ds_segmentation_pipe
2025-01-22 16:03:28,671 - DeepStreamLauncher - INFO - Opening pipes for reading...
2025-01-22 16:03:28,672 - DeepStreamLauncher - INFO - Opened pipe: /tmp/ds_detection_pipe
2025-01-22 16:03:28,672 - DeepStreamLauncher - INFO - Opened pipe: /tmp/ds_segmentation_pipe
2025-01-22 16:03:28,672 - DeepStreamLauncher - INFO - Starting DeepStream...
2025-01-22 16:03:28,674 - DeepStreamLauncher - INFO - DeepStream process PID: 890884
2025-01-22 16:03:28,702 - DeepStreamLauncher - INFO - DeepStream STDOUT: Setting up IPC pipes...
2025-01-22 16:03:28,702 - DeepStreamLauncher - INFO - DeepStream STDOUT: Opening detection pipe for writing...
2025-01-22 16:03:28,702 - DeepStreamLauncher - INFO - DeepStream STDOUT: Opening segmentation pipe for writing...
2025-01-22 16:03:28,703 - DeepStreamLauncher - INFO - DeepStream STDOUT: Both pipes opened successfully
2025-01-22 16:03:28,703 - DeepStreamLauncher - INFO - DeepStream STDOUT: Initializing config files...
2025-01-22 16:03:28,703 - DeepStreamLauncher - INFO - DeepStream STDOUT: Parsing config file for Stream[0]: /home/tat/deepstream-custom-app/configs/deepstream_app_config_box_wedcam.txt
2025-01-22 16:03:28,703 - DeepStreamLauncher - INFO - DeepStream STDOUT: Parsing config file for Stream[1]: /home/tat/deepstream-custom-app/configs/deepstream_app_config_seg.txt
2025-01-22 16:03:28,703 - DeepStreamLauncher - INFO - DeepStream STDOUT: ROI set to: x=320, y=180, w=1280, h=720
2025-01-22 16:03:28,703 - DeepStreamLauncher - INFO - DeepStream STDOUT: Creating pipelines...
2025-01-22 16:03:28,703 - DeepStreamLauncher - INFO - DeepStream STDOUT: Creating pipeline for Stream[0]
2025-01-22 16:03:28,916 - DeepStreamLauncher - INFO - DeepStream STDOUT: Creating pipeline for Stream[1]
2025-01-22 16:03:28,919 - DeepStreamLauncher - INFO - DeepStream STDERR: Unknown or legacy key specified 'network-input-shape' for group [property]
2025-01-22 16:03:28,919 - DeepStreamLauncher - INFO - DeepStream STDERR: 
2025-01-22 16:03:28,919 - DeepStreamLauncher - INFO - DeepStream STDERR: (deepstream-app:890884): GLib-CRITICAL **: 16:03:28.919: g_key_file_load_from_file: assertion 'file != NULL' failed
2025-01-22 16:03:30,675 - DeepStreamLauncher - ERROR - DeepStream failed to start: 
2025-01-22 16:03:30,676 - DeepStreamLauncher - ERROR - Failed to start DeepStream
2025-01-22 16:03:30,676 - DeepStreamLauncher - INFO - Stopping DeepStream Launcher...
2025-01-22 16:03:30,676 - DeepStreamLauncher - INFO - Terminating DeepStream process...
2025-01-22 16:03:31,177 - DeepStreamLauncher - INFO - DeepStream Launcher stopped
2025-01-22 16:03:31,177 - DeepStreamLauncher - INFO - Stopping DeepStream Launcher...
2025-01-22 16:03:31,678 - DeepStreamLauncher - INFO - DeepStream Launcher stopped
