2025-01-20 14:08:17,837 - DeepStreamLauncher - INFO - Starting DeepStream Launcher...
2025-01-20 14:08:17,837 - DeepStreamLauncher - INFO - Created pipe: /tmp/ds_detection_pipe
2025-01-20 14:08:17,837 - DeepStreamLauncher - INFO - Created pipe: /tmp/ds_segmentation_pipe
2025-01-20 14:08:17,938 - DeepStreamLauncher - INFO - Opening pipes for reading...
2025-01-20 14:08:17,938 - DeepStreamLauncher - INFO - Opened pipe: /tmp/ds_detection_pipe
2025-01-20 14:08:17,938 - DeepStreamLauncher - INFO - Opened pipe: /tmp/ds_segmentation_pipe
2025-01-20 14:08:17,939 - DeepStreamLauncher - INFO - Starting DeepStream...
2025-01-20 14:08:17,942 - DeepStreamLauncher - INFO - DeepStream process PID: 394615
2025-01-20 14:08:17,968 - DeepStreamLauncher - INFO - DeepStream STDOUT: Setting up IPC pipes...
2025-01-20 14:08:17,968 - DeepStreamLauncher - INFO - DeepStream STDOUT: Opening detection pipe for writing...
2025-01-20 14:08:17,968 - DeepStreamLauncher - INFO - DeepStream STDOUT: Opening segmentation pipe for writing...
2025-01-20 14:08:17,968 - DeepStreamLauncher - INFO - DeepStream STDERR: 0:00:00.017276526 [332m394615[00m 0x556d3e6f5360 [31;01mERROR  [00m [00m     NVDS_CFG_PARSER deepstream_app_config_parser.c:526:parse_config_file:[00m Failed to parse 'source0' group
2025-01-20 14:08:17,968 - DeepStreamLauncher - INFO - DeepStream STDOUT: Both pipes opened successfully
2025-01-20 14:08:17,969 - DeepStreamLauncher - INFO - DeepStream STDOUT: Initializing config files...
2025-01-20 14:08:17,969 - DeepStreamLauncher - INFO - DeepStream STDOUT: Parsing config file for Stream[0]: /home/tat/deepstream-custom-app/configs/deepstream_app_config_box_wedcam.txt
2025-01-20 14:08:17,969 - DeepStreamLauncher - INFO - DeepStream STDOUT: Parsing config file for Stream[1]: /home/tat/deepstream-custom-app/configs/deepstream_app_config_seg.txt
2025-01-20 14:08:17,969 - DeepStreamLauncher - INFO - DeepStream STDOUT: ** ERROR: <parse_source:425>: Did not parse source group "[source0]". Another source group with source-id 0 already exists
2025-01-20 14:08:17,969 - DeepStreamLauncher - INFO - DeepStream STDOUT: ** ERROR: <parse_config_file:606>: parse_config_file failed
2025-01-20 14:08:17,969 - DeepStreamLauncher - INFO - DeepStream STDOUT: Failed to parse config file '/home/tat/deepstream-custom-app/configs/deepstream_app_config_seg.txt'
2025-01-20 14:08:17,969 - DeepStreamLauncher - INFO - DeepStream STDOUT: Cleaning up...
2025-01-20 14:08:19,946 - DeepStreamLauncher - INFO - DeepStream started successfully
2025-01-20 14:08:19,947 - DeepStreamLauncher - INFO - Starting reader for /tmp/ds_detection_pipe
2025-01-20 14:08:19,948 - DeepStreamLauncher - INFO - Starting reader for /tmp/ds_segmentation_pipe
2025-01-20 14:08:19,949 - DeepStreamLauncher - INFO - DeepStream Launcher started successfully
2025-01-20 14:08:19,969 - DeepStreamLauncher - INFO - DeepStream STDOUT: Application completed successfully
2025-01-20 14:08:20,001 - DeepStreamLauncher - INFO - 
Stream Statistics:
2025-01-20 14:08:20,001 - DeepStreamLauncher - INFO - {
  "detection": {
    "total_frames": 0,
    "total_objects": 0,
    "classes": {},
    "avg_confidence": 0
  },
  "segmentation": {
    "total_frames": 0,
    "total_objects": 0,
    "unique_tracks": 0,
    "classes": {},
    "avg_confidence": 0
  }
}
2025-01-20 14:08:20,012 - DeepStreamLauncher - INFO - 
Stream Statistics:
2025-01-20 14:08:20,012 - DeepStreamLauncher - INFO - {
  "detection": {
    "total_frames": 0,
    "total_objects": 0,
    "classes": {},
    "avg_confidence": 0
  },
  "segmentation": {
    "total_frames": 0,
    "total_objects": 0,
    "unique_tracks": 0,
    "classes": {},
    "avg_confidence": 0
  }
}
2025-01-20 14:08:20,023 - DeepStreamLauncher - INFO - 
Stream Statistics:
2025-01-20 14:08:20,023 - DeepStreamLauncher - INFO - {
  "detection": {
    "total_frames": 0,
    "total_objects": 0,
    "classes": {},
    "avg_confidence": 0
  },
  "segmentation": {
    "total_frames": 0,
    "total_objects": 0,
    "unique_tracks": 0,
    "classes": {},
    "avg_confidence": 0
  }
}
2025-01-20 14:08:20,033 - DeepStreamLauncher - INFO - 
Stream Statistics:
2025-01-20 14:08:20,033 - DeepStreamLauncher - INFO - {
  "detection": {
    "total_frames": 0,
    "total_objects": 0,
    "classes": {},
    "avg_confidence": 0
  },
  "segmentation": {
    "total_frames": 0,
    "total_objects": 0,
    "unique_tracks": 0,
    "classes": {},
    "avg_confidence": 0
  }
}
2025-01-20 14:08:20,044 - DeepStreamLauncher - INFO - 
Stream Statistics:
2025-01-20 14:08:20,044 - DeepStreamLauncher - INFO - {
  "detection": {
    "total_frames": 0,
    "total_objects": 0,
    "classes": {},
    "avg_confidence": 0
  },
  "segmentation": {
    "total_frames": 0,
    "total_objects": 0,
    "unique_tracks": 0,
    "classes": {},
    "avg_confidence": 0
  }
}
2025-01-20 14:08:20,050 - DeepStreamLauncher - INFO - Stopping DeepStream Launcher...
2025-01-20 14:08:20,050 - DeepStreamLauncher - INFO - Terminating DeepStream process...
2025-01-20 14:08:20,552 - DeepStreamLauncher - INFO - DeepStream Launcher stopped
