2025-01-20 11:19:20,537 - DeepStreamLauncher - INFO - Starting DeepStream Launcher...
2025-01-20 11:19:20,537 - DeepStreamLauncher - INFO - Created pipe: /tmp/ds_detection_pipe
2025-01-20 11:19:20,537 - DeepStreamLauncher - INFO - Created pipe: /tmp/ds_segmentation_pipe
2025-01-20 11:19:20,637 - DeepStreamLauncher - INFO - Opening pipes for reading...
2025-01-20 11:19:20,638 - DeepStreamLauncher - INFO - Opened pipe: /tmp/ds_detection_pipe
2025-01-20 11:19:20,638 - DeepStreamLauncher - INFO - Opened pipe: /tmp/ds_segmentation_pipe
2025-01-20 11:19:20,638 - DeepStreamLauncher - INFO - Starting DeepStream...
2025-01-20 11:19:20,640 - DeepStreamLauncher - INFO - DeepStream process PID: 197729
2025-01-20 11:19:20,658 - DeepStreamLauncher - INFO - DeepStream STDOUT: Setting up IPC pipes...
2025-01-20 11:19:20,658 - DeepStreamLauncher - INFO - DeepStream STDOUT: Opening detection pipe for writing...
2025-01-20 11:19:20,658 - DeepStreamLauncher - INFO - DeepStream STDOUT: Opening segmentation pipe for writing...
2025-01-20 11:19:20,658 - DeepStreamLauncher - INFO - DeepStream STDOUT: Both pipes opened successfully
2025-01-20 11:19:20,658 - DeepStreamLauncher - INFO - DeepStream STDERR: 
2025-01-20 11:19:20,658 - DeepStreamLauncher - INFO - DeepStream STDOUT: Initializing config files...
2025-01-20 11:19:20,659 - DeepStreamLauncher - INFO - DeepStream STDERR: (deepstream-app:197729): GLib-CRITICAL **: 11:19:20.658: g_key_file_load_from_file: assertion 'file != NULL' failed
2025-01-20 11:19:20,659 - DeepStreamLauncher - INFO - DeepStream STDOUT: Parsing config file for Stream[0]: /home/tat/deepstream-custom-app/configs/deepstream_app_config_seg.txt
2025-01-20 11:19:20,659 - DeepStreamLauncher - INFO - DeepStream STDOUT: ** WARN: <parse_source:649>: Unknown key 'convert-ops' for group [source1]
2025-01-20 11:19:20,659 - DeepStreamLauncher - INFO - DeepStream STDOUT: ** WARN: <parse_source:649>: Unknown key 'roi-params' for group [source1]
2025-01-20 11:19:20,659 - DeepStreamLauncher - INFO - DeepStream STDOUT: Parsing config file for Stream[1]: (null)
2025-01-20 11:19:22,641 - DeepStreamLauncher - ERROR - DeepStream failed to start: 
2025-01-20 11:19:22,641 - DeepStreamLauncher - ERROR - Failed to start DeepStream
2025-01-20 11:19:22,642 - DeepStreamLauncher - INFO - Stopping DeepStream Launcher...
2025-01-20 11:19:22,642 - DeepStreamLauncher - INFO - Terminating DeepStream process...
2025-01-20 11:19:23,143 - DeepStreamLauncher - INFO - DeepStream Launcher stopped
2025-01-20 11:19:23,143 - DeepStreamLauncher - INFO - Stopping DeepStream Launcher...
2025-01-20 11:19:23,644 - DeepStreamLauncher - INFO - DeepStream Launcher stopped
