2025-01-22 15:20:50,451 - DeepStreamLauncher - INFO - Starting DeepStream Launcher...
2025-01-22 15:20:50,451 - DeepStreamLauncher - INFO - Created pipe: /tmp/ds_detection_pipe
2025-01-22 15:20:50,451 - DeepStreamLauncher - INFO - Created pipe: /tmp/ds_segmentation_pipe
2025-01-22 15:20:50,552 - DeepStreamLauncher - INFO - Opening pipes for reading...
2025-01-22 15:20:50,552 - DeepStreamLauncher - INFO - Opened pipe: /tmp/ds_detection_pipe
2025-01-22 15:20:50,552 - DeepStreamLauncher - INFO - Opened pipe: /tmp/ds_segmentation_pipe
2025-01-22 15:20:50,553 - DeepStreamLauncher - INFO - Starting DeepStream...
2025-01-22 15:20:50,555 - DeepStreamLauncher - INFO - DeepStream process PID: 797841
2025-01-22 15:20:50,593 - DeepStreamLauncher - INFO - DeepStream STDOUT: Setting up IPC pipes...
2025-01-22 15:20:50,593 - DeepStreamLauncher - INFO - DeepStream STDOUT: Opening detection pipe for writing...
2025-01-22 15:20:50,594 - DeepStreamLauncher - INFO - DeepStream STDOUT: Opening segmentation pipe for writing...
2025-01-22 15:20:50,594 - DeepStreamLauncher - INFO - DeepStream STDOUT: Both pipes opened successfully
2025-01-22 15:20:50,594 - DeepStreamLauncher - INFO - DeepStream STDOUT: Initializing config files...
2025-01-22 15:20:50,594 - DeepStreamLauncher - INFO - DeepStream STDOUT: Parsing config file for Stream[0]: /home/tat/deepstream-custom-app/configs/deepstream_app_config_box_wedcam.txt
2025-01-22 15:20:50,594 - DeepStreamLauncher - INFO - DeepStream STDOUT: Parsing config file for Stream[1]: /home/tat/deepstream-custom-app/configs/deepstream_app_config_seg.txt
2025-01-22 15:20:50,594 - DeepStreamLauncher - INFO - DeepStream STDOUT: ** WARN: <parse_gie:1388>: Unknown key 'process-mode' for group [primary-gie]
2025-01-22 15:20:50,594 - DeepStreamLauncher - INFO - DeepStream STDOUT: Creating pipelines...
2025-01-22 15:20:50,594 - DeepStreamLauncher - INFO - DeepStream STDOUT: Creating pipeline for Stream[0]
2025-01-22 15:20:50,833 - DeepStreamLauncher - INFO - DeepStream STDOUT: Creating pipeline for Stream[1]
2025-01-22 15:20:50,838 - DeepStreamLauncher - INFO - DeepStream STDOUT: Setting pipelines to PLAYING state...
2025-01-22 15:20:52,299 - DeepStreamLauncher - INFO - Stopping DeepStream Launcher...
2025-01-22 15:20:52,300 - DeepStreamLauncher - INFO - DeepStream STDOUT: User Interrupted..
2025-01-22 15:20:52,300 - DeepStreamLauncher - INFO - Terminating DeepStream process...
2025-01-22 15:20:52,864 - DeepStreamLauncher - INFO - DeepStream Launcher stopped
