2025-01-22 16:08:43,655 - DeepStreamLauncher - INFO - Starting DeepStream Launcher...
2025-01-22 16:08:43,655 - DeepStreamLauncher - INFO - Created pipe: /tmp/ds_detection_pipe
2025-01-22 16:08:43,656 - DeepStreamLauncher - INFO - Created pipe: /tmp/ds_segmentation_pipe
2025-01-22 16:08:43,756 - DeepStreamLauncher - INFO - Opening pipes for reading...
2025-01-22 16:08:43,756 - DeepStreamLauncher - INFO - Opened pipe: /tmp/ds_detection_pipe
2025-01-22 16:08:43,756 - DeepStreamLauncher - INFO - Opened pipe: /tmp/ds_segmentation_pipe
2025-01-22 16:08:43,756 - DeepStreamLauncher - INFO - Starting DeepStream...
2025-01-22 16:08:43,757 - DeepStreamLauncher - INFO - DeepStream process PID: 902626
2025-01-22 16:08:43,774 - DeepStreamLauncher - INFO - DeepStream STDOUT: Setting up IPC pipes...
2025-01-22 16:08:43,775 - DeepStreamLauncher - INFO - DeepStream STDOUT: Opening detection pipe for writing...
2025-01-22 16:08:43,775 - DeepStreamLauncher - INFO - DeepStream STDOUT: Opening segmentation pipe for writing...
2025-01-22 16:08:43,775 - DeepStreamLauncher - INFO - DeepStream STDOUT: Both pipes opened successfully
2025-01-22 16:08:43,775 - DeepStreamLauncher - INFO - DeepStream STDOUT: Initializing config files...
2025-01-22 16:08:43,775 - DeepStreamLauncher - INFO - DeepStream STDOUT: Parsing config file for Stream[0]: /home/tat/deepstream-custom-app/configs/deepstream_app_config_box_wedcam.txt
2025-01-22 16:08:43,775 - DeepStreamLauncher - INFO - DeepStream STDOUT: Parsing config file for Stream[1]: /home/tat/deepstream-custom-app/configs/deepstream_app_config_seg.txt
2025-01-22 16:08:43,775 - DeepStreamLauncher - INFO - DeepStream STDOUT: ROI set to: x=320, y=180, w=1280, h=720
2025-01-22 16:08:43,775 - DeepStreamLauncher - INFO - DeepStream STDOUT: Creating pipelines...
2025-01-22 16:08:43,775 - DeepStreamLauncher - INFO - DeepStream STDOUT: Creating pipeline for Stream[0]
2025-01-22 16:08:44,012 - DeepStreamLauncher - INFO - DeepStream STDOUT: Creating pipeline for Stream[1]
2025-01-22 16:08:44,015 - DeepStreamLauncher - INFO - DeepStream STDERR: Unknown or legacy key specified 'net-input-shape' for group [property]
2025-01-22 16:08:44,015 - DeepStreamLauncher - INFO - DeepStream STDERR: Unknown or legacy key specified 'net-tensor-name' for group [property]
2025-01-22 16:08:44,015 - DeepStreamLauncher - INFO - DeepStream STDERR: 
2025-01-22 16:08:44,016 - DeepStreamLauncher - INFO - DeepStream STDERR: (deepstream-app:902626): GLib-CRITICAL **: 16:08:44.015: g_key_file_load_from_file: assertion 'file != NULL' failed
2025-01-22 16:08:45,758 - DeepStreamLauncher - ERROR - DeepStream failed to start: 
2025-01-22 16:08:45,758 - DeepStreamLauncher - ERROR - Failed to start DeepStream
2025-01-22 16:08:45,758 - DeepStreamLauncher - INFO - Stopping DeepStream Launcher...
2025-01-22 16:08:45,758 - DeepStreamLauncher - INFO - Terminating DeepStream process...
2025-01-22 16:08:46,259 - DeepStreamLauncher - INFO - DeepStream Launcher stopped
2025-01-22 16:08:46,260 - DeepStreamLauncher - INFO - Stopping DeepStream Launcher...
2025-01-22 16:08:46,760 - DeepStreamLauncher - INFO - DeepStream Launcher stopped
