2025-01-20 11:39:49,445 - DeepStreamLauncher - INFO - Khởi động DeepStream Launcher...
2025-01-20 11:39:49,445 - DeepStreamLauncher - INFO - Đã tạo pipe: /tmp/ds_detection_pipe
2025-01-20 11:39:49,445 - DeepStreamLauncher - INFO - Đã tạo pipe: /tmp/ds_segmentation_pipe
2025-01-20 11:39:49,546 - DeepStreamLauncher - INFO - Mở pipes để đọc...
2025-01-20 11:39:49,546 - DeepStreamLauncher - INFO - Đã mở pipe: /tmp/ds_detection_pipe
2025-01-20 11:39:49,546 - DeepStreamLauncher - INFO - Đã mở pipe: /tmp/ds_segmentation_pipe
2025-01-20 11:39:50,546 - DeepStreamLauncher - INFO - Khởi động DeepStream...
2025-01-20 11:39:50,549 - DeepStreamLauncher - INFO - DeepStream process PID: 258562
2025-01-20 11:39:50,579 - DeepStreamLauncher - INFO - DeepStream STDOUT: Setting up IPC pipes...
2025-01-20 11:39:50,579 - DeepStreamLauncher - INFO - DeepStream STDOUT: Opening detection pipe for writing...
2025-01-20 11:39:50,579 - DeepStreamLauncher - INFO - DeepStream STDOUT: Opening segmentation pipe for writing...
2025-01-20 11:39:50,579 - DeepStreamLauncher - INFO - DeepStream STDOUT: Both pipes opened successfully
2025-01-20 11:39:50,579 - DeepStreamLauncher - INFO - DeepStream STDOUT: Initializing config files...
2025-01-20 11:39:50,579 - DeepStreamLauncher - INFO - DeepStream STDOUT: Parsing config file for Stream[0]: /home/tat/deepstream-custom-app/configs/deepstream_app_config_seg.txt
2025-01-20 11:39:50,579 - DeepStreamLauncher - INFO - DeepStream STDOUT: ** WARN: <parse_source:649>: Unknown key 'convert-ops' for group [source1]
2025-01-20 11:39:50,579 - DeepStreamLauncher - INFO - DeepStream STDOUT: ** WARN: <parse_source:649>: Unknown key 'roi-params' for group [source1]
2025-01-20 11:39:50,579 - DeepStreamLauncher - INFO - DeepStream STDERR: 
2025-01-20 11:39:50,580 - DeepStreamLauncher - INFO - DeepStream STDOUT: Parsing config file for Stream[1]: (null)
2025-01-20 11:39:50,580 - DeepStreamLauncher - INFO - DeepStream STDERR: (deepstream-app:258562): GLib-CRITICAL **: 11:39:50.579: g_key_file_load_from_file: assertion 'file != NULL' failed
2025-01-20 11:39:52,553 - DeepStreamLauncher - ERROR - DeepStream không khởi động được: 
2025-01-20 11:39:52,553 - DeepStreamLauncher - ERROR - Không khởi động được DeepStream
2025-01-20 11:39:52,553 - DeepStreamLauncher - INFO - Dừng DeepStream Launcher...
2025-01-20 11:39:52,553 - DeepStreamLauncher - INFO - Kết thúc tiến trình DeepStream...
2025-01-20 11:39:53,054 - DeepStreamLauncher - INFO - DeepStream Launcher đã dừng
2025-01-20 11:39:53,054 - DeepStreamLauncher - INFO - Dừng DeepStream Launcher...
2025-01-20 11:39:53,554 - DeepStreamLauncher - INFO - DeepStream Launcher đã dừng
