2025-01-20 11:41:38,067 - DeepStreamLauncher - INFO - Khởi động DeepStream Launcher...
2025-01-20 11:41:38,067 - DeepStreamLauncher - INFO - Đã tạo pipe: /tmp/ds_detection_pipe
2025-01-20 11:41:38,167 - DeepStreamLauncher - INFO - Mở pipe để đọc...
2025-01-20 11:41:38,167 - DeepStreamLauncher - INFO - Đã mở pipe: /tmp/ds_detection_pipe
2025-01-20 11:41:39,168 - DeepStreamLauncher - INFO - Khởi động DeepStream...
2025-01-20 11:41:39,169 - DeepStreamLauncher - INFO - DeepStream process PID: 263987
2025-01-20 11:41:39,188 - DeepStreamLauncher - INFO - DeepStream STDOUT: Setting up IPC pipes...
2025-01-20 11:41:39,189 - DeepStreamLauncher - INFO - DeepStream STDOUT: Opening detection pipe for writing...
2025-01-20 11:41:39,189 - DeepStreamLauncher - INFO - DeepStream STDOUT: Opening segmentation pipe for writing...
2025-01-20 11:41:39,189 - DeepStreamLauncher - INFO - DeepStream STDOUT: Retry 1: Waiting for segmentation pipe...
2025-01-20 11:41:40,189 - DeepStreamLauncher - INFO - DeepStream STDOUT: Retry 2: Waiting for segmentation pipe...
2025-01-20 11:41:41,172 - DeepStreamLauncher - INFO - DeepStream đã khởi động thành công
2025-01-20 11:41:41,173 - DeepStreamLauncher - INFO - Bắt đầu đọc từ /tmp/ds_detection_pipe
2025-01-20 11:41:41,173 - DeepStreamLauncher - INFO - DeepStream Launcher đã khởi động thành công
2025-01-20 11:41:41,189 - DeepStreamLauncher - INFO - DeepStream STDOUT: Retry 3: Waiting for segmentation pipe...
2025-01-20 11:41:42,189 - DeepStreamLauncher - INFO - DeepStream STDOUT: Retry 4: Waiting for segmentation pipe...
2025-01-20 11:41:43,189 - DeepStreamLauncher - INFO - DeepStream STDOUT: Retry 5: Waiting for segmentation pipe...
2025-01-20 11:41:44,189 - DeepStreamLauncher - INFO - DeepStream STDOUT: Failed to open segmentation pipe after retries: No such file or directory
2025-01-20 11:41:44,189 - DeepStreamLauncher - INFO - DeepStream STDOUT: Failed to setup IPC pipes
2025-01-20 11:41:44,279 - DeepStreamLauncher - INFO - Dừng DeepStream Launcher...
2025-01-20 11:41:44,279 - DeepStreamLauncher - INFO - Kết thúc tiến trình DeepStream...
2025-01-20 11:41:44,779 - DeepStreamLauncher - INFO - DeepStream Launcher đã dừng
