2025-01-22 16:47:14,673 - DeepStreamLauncher - INFO - Starting DeepStream Launcher...
2025-01-22 16:47:14,673 - DeepStreamLauncher - INFO - Created pipe: /tmp/ds_detection_pipe
2025-01-22 16:47:14,673 - DeepStreamLauncher - INFO - Created pipe: /tmp/ds_segmentation_pipe
2025-01-22 16:47:14,774 - DeepStreamLauncher - INFO - Opening pipes for reading...
2025-01-22 16:47:14,775 - DeepStreamLauncher - INFO - Opened pipe: /tmp/ds_detection_pipe
2025-01-22 16:47:14,775 - DeepStreamLauncher - INFO - Opened pipe: /tmp/ds_segmentation_pipe
2025-01-22 16:47:14,776 - DeepStreamLauncher - INFO - Starting DeepStream...
2025-01-22 16:47:14,778 - DeepStreamLauncher - INFO - DeepStream process PID: 1007445
2025-01-22 16:47:14,810 - DeepStreamLauncher - INFO - DeepStream STDOUT: Setting up IPC pipes...
2025-01-22 16:47:14,811 - DeepStreamLauncher - INFO - DeepStream STDOUT: Opening detection pipe for writing...
2025-01-22 16:47:14,811 - DeepStreamLauncher - INFO - DeepStream STDOUT: Opening segmentation pipe for writing...
2025-01-22 16:47:14,811 - DeepStreamLauncher - INFO - DeepStream STDERR: 0:00:00.019097009 [334m1007445[00m 0x559e49d6ab60 [31;01mERROR  [00m [00m     NVDS_CFG_PARSER deepstream_app_config_parser.c:526:parse_config_file:[00m Failed to parse 'source0' group
2025-01-22 16:47:14,811 - DeepStreamLauncher - INFO - DeepStream STDOUT: Both pipes opened successfully
2025-01-22 16:47:14,811 - DeepStreamLauncher - INFO - DeepStream STDOUT: Initializing config files...
2025-01-22 16:47:14,811 - DeepStreamLauncher - INFO - DeepStream STDOUT: Parsing config file for Stream[0]: /home/tat/deepstream-custom-app/configs/deepstream_app_config_box_wedcam.txt
2025-01-22 16:47:14,811 - DeepStreamLauncher - INFO - DeepStream STDOUT: Parsing config file for Stream[1]: /home/tat/deepstream-custom-app/configs/deepstream_app_config_seg.txt
2025-01-22 16:47:14,811 - DeepStreamLauncher - INFO - DeepStream STDOUT: ** ERROR: <parse_source:425>: Did not parse source group "[source0]". Another source group with source-id 0 already exists
2025-01-22 16:47:14,811 - DeepStreamLauncher - INFO - DeepStream STDOUT: ** ERROR: <parse_config_file:606>: parse_config_file failed
2025-01-22 16:47:14,811 - DeepStreamLauncher - INFO - DeepStream STDOUT: Failed to parse config file '/home/tat/deepstream-custom-app/configs/deepstream_app_config_seg.txt'
2025-01-22 16:47:14,811 - DeepStreamLauncher - INFO - DeepStream STDOUT: Cleaning up...
2025-01-22 16:47:16,779 - DeepStreamLauncher - INFO - DeepStream started successfully
2025-01-22 16:47:16,780 - DeepStreamLauncher - INFO - Starting reader for /tmp/ds_detection_pipe
2025-01-22 16:47:16,780 - DeepStreamLauncher - INFO - Starting reader for /tmp/ds_segmentation_pipe
2025-01-22 16:47:16,780 - DeepStreamLauncher - INFO - DeepStream Launcher started successfully
2025-01-22 16:47:16,811 - DeepStreamLauncher - INFO - DeepStream STDOUT: Application completed successfully
2025-01-22 16:47:16,880 - DeepStreamLauncher - INFO - Stopping DeepStream Launcher...
2025-01-22 16:47:16,881 - DeepStreamLauncher - INFO - Terminating DeepStream process...
2025-01-22 16:47:17,381 - DeepStreamLauncher - INFO - DeepStream Launcher stopped
