2024-11-04 15:11:16,901 - DeepStreamLauncher - INFO - Starting DeepStream Launcher...
2024-11-04 15:11:16,901 - DeepStreamLauncher - INFO - Created pipe: /tmp/ds_detection_pipe
2024-11-04 15:11:16,901 - DeepStreamLauncher - INFO - Created pipe: /tmp/ds_segmentation_pipe
2024-11-04 15:11:17,001 - DeepStreamLauncher - INFO - Opening pipes for reading...
2024-11-04 15:11:17,001 - DeepStreamLauncher - INFO - Opened pipe: /tmp/ds_detection_pipe
2024-11-04 15:11:17,001 - DeepStreamLauncher - INFO - Opened pipe: /tmp/ds_segmentation_pipe
2024-11-04 15:11:17,002 - DeepStreamLauncher - INFO - Starting DeepStream...
2024-11-04 15:11:19,004 - DeepStreamLauncher - INFO - DeepStream started successfully
2024-11-04 15:11:19,005 - DeepStreamLauncher - INFO - Starting reader for /tmp/ds_detection_pipe
2024-11-04 15:11:19,005 - DeepStreamLauncher - INFO - Starting reader for /tmp/ds_segmentation_pipe
2024-11-04 15:11:19,005 - DeepStreamLauncher - INFO - DeepStream Launcher started successfully
2024-11-04 15:11:24,066 - DeepStreamLauncher - DEBUG - Reader for /tmp/ds_detection_pipe waiting for data...
2024-11-04 15:11:24,066 - DeepStreamLauncher - DEBUG - Reader for /tmp/ds_segmentation_pipe waiting for data...
2024-11-04 15:11:29,137 - DeepStreamLauncher - DEBUG - Reader for /tmp/ds_detection_pipe waiting for data...
2024-11-04 15:11:29,138 - DeepStreamLauncher - DEBUG - Reader for /tmp/ds_segmentation_pipe waiting for data...
2024-11-04 15:11:34,208 - DeepStreamLauncher - DEBUG - Reader for /tmp/ds_detection_pipe waiting for data...
2024-11-04 15:11:34,208 - DeepStreamLauncher - DEBUG - Reader for /tmp/ds_segmentation_pipe waiting for data...
2024-11-04 15:11:39,279 - DeepStreamLauncher - DEBUG - Reader for /tmp/ds_segmentation_pipe waiting for data...
2024-11-04 15:11:39,279 - DeepStreamLauncher - DEBUG - Reader for /tmp/ds_detection_pipe waiting for data...
2024-11-04 15:11:44,350 - DeepStreamLauncher - DEBUG - Reader for /tmp/ds_segmentation_pipe waiting for data...
2024-11-04 15:11:44,350 - DeepStreamLauncher - DEBUG - Reader for /tmp/ds_detection_pipe waiting for data...
2024-11-04 15:11:49,421 - DeepStreamLauncher - DEBUG - Reader for /tmp/ds_detection_pipe waiting for data...
2024-11-04 15:11:49,421 - DeepStreamLauncher - DEBUG - Reader for /tmp/ds_segmentation_pipe waiting for data...
2024-11-04 15:11:54,493 - DeepStreamLauncher - DEBUG - Reader for /tmp/ds_detection_pipe waiting for data...
2024-11-04 15:11:54,493 - DeepStreamLauncher - DEBUG - Reader for /tmp/ds_segmentation_pipe waiting for data...
2024-11-04 15:11:59,564 - DeepStreamLauncher - DEBUG - Reader for /tmp/ds_detection_pipe waiting for data...
2024-11-04 15:11:59,564 - DeepStreamLauncher - DEBUG - Reader for /tmp/ds_segmentation_pipe waiting for data...
2024-11-04 15:12:04,636 - DeepStreamLauncher - DEBUG - Reader for /tmp/ds_segmentation_pipe waiting for data...
2024-11-04 15:12:04,636 - DeepStreamLauncher - DEBUG - Reader for /tmp/ds_detection_pipe waiting for data...
2024-11-04 15:12:09,706 - DeepStreamLauncher - DEBUG - Reader for /tmp/ds_segmentation_pipe waiting for data...
2024-11-04 15:12:09,721 - DeepStreamLauncher - DEBUG - Reader for /tmp/ds_detection_pipe waiting for data...
2024-11-04 15:12:14,778 - DeepStreamLauncher - DEBUG - Reader for /tmp/ds_segmentation_pipe waiting for data...
2024-11-04 15:12:14,796 - DeepStreamLauncher - DEBUG - Reader for /tmp/ds_detection_pipe waiting for data...
2024-11-04 15:12:19,849 - DeepStreamLauncher - DEBUG - Reader for /tmp/ds_segmentation_pipe waiting for data...
2024-11-04 15:12:19,867 - DeepStreamLauncher - DEBUG - Reader for /tmp/ds_detection_pipe waiting for data...
2024-11-04 15:12:24,920 - DeepStreamLauncher - DEBUG - Reader for /tmp/ds_segmentation_pipe waiting for data...
2024-11-04 15:12:24,939 - DeepStreamLauncher - DEBUG - Reader for /tmp/ds_detection_pipe waiting for data...
2024-11-04 15:12:29,991 - DeepStreamLauncher - DEBUG - Reader for /tmp/ds_segmentation_pipe waiting for data...
2024-11-04 15:12:30,009 - DeepStreamLauncher - DEBUG - Reader for /tmp/ds_detection_pipe waiting for data...
2024-11-04 15:12:34,114 - DeepStreamLauncher - INFO - Stopping DeepStream Launcher...
2024-11-04 15:12:34,491 - DeepStreamLauncher - INFO - DeepStream [STDOUT]: nvstreammux: Successfully handled EOS for source_id=0
2024-11-04 15:12:35,492 - DeepStreamLauncher - INFO - DeepStream [STDOUT]: nvstreammux: Successfully handled EOS for source_id=0
2024-11-04 15:12:36,535 - DeepStreamLauncher - INFO - DeepStream Launcher stopped
