2025-02-10 11:20:29,016 - DeepStreamLauncher - INFO - Starting DeepStream Launcher...
2025-02-10 11:20:29,016 - DeepStreamLauncher - INFO - Created pipe: /tmp/ds_detection_pipe
2025-02-10 11:20:29,017 - DeepStreamLauncher - INFO - Created pipe: /tmp/ds_segmentation_pipe
2025-02-10 11:20:29,117 - DeepStreamLauncher - INFO - Opening pipes for reading...
2025-02-10 11:20:29,117 - DeepStreamLauncher - INFO - Opened pipe: /tmp/ds_detection_pipe
2025-02-10 11:20:29,117 - DeepStreamLauncher - INFO - Opened pipe: /tmp/ds_segmentation_pipe
2025-02-10 11:20:29,118 - DeepStreamLauncher - INFO - Starting DeepStream...
2025-02-10 11:20:29,119 - DeepStreamLauncher - INFO - DeepStream process PID: 347726
2025-02-10 11:20:29,148 - DeepStreamLauncher - INFO - DeepStream STDOUT: Setting up IPC pipes...
2025-02-10 11:20:29,148 - DeepStreamLauncher - INFO - DeepStream STDOUT: Opening detection pipe for writing...
2025-02-10 11:20:29,148 - DeepStreamLauncher - INFO - DeepStream STDOUT: Opening segmentation pipe for writing...
2025-02-10 11:20:29,148 - DeepStreamLauncher - INFO - DeepStream STDOUT: Both pipes opened successfully
2025-02-10 11:20:29,148 - DeepStreamLauncher - INFO - DeepStream STDOUT: Initializing config files...
2025-02-10 11:20:29,148 - DeepStreamLauncher - INFO - DeepStream STDOUT: Parsing config file for Stream[0]: /home/tat/deepstream-custom-app/configs/deepstream_app_config_seg.txt
2025-02-10 11:20:29,149 - DeepStreamLauncher - INFO - DeepStream STDOUT: ** WARN: <parse_source:649>: Unknown key 'source-list-params' for group [source0]
2025-02-10 11:20:29,149 - DeepStreamLauncher - INFO - DeepStream STDOUT: Creating pipelines...
2025-02-10 11:20:29,149 - DeepStreamLauncher - INFO - DeepStream STDOUT: Creating pipeline for Stream[0]
2025-02-10 11:20:29,230 - DeepStreamLauncher - INFO - DeepStream STDERR: Failed to load config file: No such file or directory
2025-02-10 11:20:29,230 - DeepStreamLauncher - INFO - DeepStream STDERR: ** ERROR: <gst_nvinfer_parse_config_file:1308>: failed
2025-02-10 11:20:29,232 - DeepStreamLauncher - INFO - DeepStream STDOUT: Setting pipelines to PLAYING state...
2025-02-10 11:20:29,304 - DeepStreamLauncher - INFO - DeepStream STDOUT: gstnvtracker: Loading low-level lib at /opt/nvidia/deepstream/deepstream/lib/libnvds_nvmultiobjecttracker.so
2025-02-10 11:20:29,304 - DeepStreamLauncher - INFO - DeepStream STDERR: 0:00:00.177684854 [333m347726[00m 0x55e2adb09150 [33;01mWARN   [00m [00m             nvinfer gstnvinfer.cpp:842:gst_nvinfer_start:<primary_gie>[00m error: Configuration file parsing failed
2025-02-10 11:20:29,304 - DeepStreamLauncher - INFO - DeepStream STDOUT: gstnvtracker: Batch processing is ON
2025-02-10 11:20:29,304 - DeepStreamLauncher - INFO - DeepStream STDERR: 0:00:00.177697800 [333m347726[00m 0x55e2adb09150 [33;01mWARN   [00m [00m             nvinfer gstnvinfer.cpp:842:gst_nvinfer_start:<primary_gie>[00m error: Config file path: /home/tat/deepstream-custom-app/configs/configs/config_infer_primary_yoloV8_seg.txt
2025-02-10 11:20:29,304 - DeepStreamLauncher - INFO - DeepStream STDOUT: gstnvtracker: Past frame output is OFF
2025-02-10 11:20:29,304 - DeepStreamLauncher - INFO - DeepStream STDERR: 0:00:00.177721152 [333m347726[00m 0x55e2adb09150 [33;01mWARN   [00m [00;01;31;44m            GST_PADS gstpad.c:1142:gst_pad_set_active:<primary_gie:sink>[00m Failed to activate pad
2025-02-10 11:20:29,304 - DeepStreamLauncher - INFO - DeepStream STDOUT: [NvMultiObjectTracker] Initialized
2025-02-10 11:20:29,305 - DeepStreamLauncher - INFO - DeepStream STDOUT: [NvMultiObjectTracker] De-initialized
2025-02-10 11:20:29,305 - DeepStreamLauncher - INFO - DeepStream STDOUT: Failed to set pipeline 0 to PLAYING
2025-02-10 11:20:29,305 - DeepStreamLauncher - INFO - DeepStream STDOUT: Cleaning up...
2025-02-10 11:20:30,306 - DeepStreamLauncher - INFO - DeepStream STDOUT: Application completed successfully
2025-02-10 11:20:31,121 - DeepStreamLauncher - ERROR - DeepStream failed to start: 
2025-02-10 11:20:31,121 - DeepStreamLauncher - ERROR - Failed to start DeepStream
2025-02-10 11:20:31,121 - DeepStreamLauncher - INFO - Stopping DeepStream Launcher...
2025-02-10 11:20:31,121 - DeepStreamLauncher - INFO - Terminating DeepStream process...
2025-02-10 11:20:31,622 - DeepStreamLauncher - INFO - DeepStream Launcher stopped
2025-02-10 11:20:31,622 - DeepStreamLauncher - INFO - Stopping DeepStream Launcher...
2025-02-10 11:20:32,123 - DeepStreamLauncher - INFO - DeepStream Launcher stopped
