2025-02-10 11:42:07,993 - DeepStreamLauncher - INFO - Starting DeepStream Launcher...
2025-02-10 11:42:07,993 - DeepStreamLauncher - INFO - Created pipe: /tmp/ds_detection_pipe
2025-02-10 11:42:07,993 - DeepStreamLauncher - INFO - Created pipe: /tmp/ds_segmentation_pipe
2025-02-10 11:42:08,093 - DeepStreamLauncher - INFO - Opening pipes for reading...
2025-02-10 11:42:08,093 - DeepStreamLauncher - INFO - Opened pipe: /tmp/ds_detection_pipe
2025-02-10 11:42:08,093 - DeepStreamLauncher - INFO - Opened pipe: /tmp/ds_segmentation_pipe
2025-02-10 11:42:08,094 - DeepStreamLauncher - INFO - Starting DeepStream...
2025-02-10 11:42:08,096 - DeepStreamLauncher - INFO - DeepStream process PID: 401604
2025-02-10 11:42:08,117 - DeepStreamLauncher - INFO - DeepStream STDOUT: Setting up IPC pipes...
2025-02-10 11:42:08,117 - DeepStreamLauncher - INFO - DeepStream STDOUT: Opening detection pipe for writing...
2025-02-10 11:42:08,117 - DeepStreamLauncher - INFO - DeepStream STDOUT: Opening segmentation pipe for writing...
2025-02-10 11:42:08,117 - DeepStreamLauncher - INFO - DeepStream STDOUT: Both pipes opened successfully
2025-02-10 11:42:08,117 - DeepStreamLauncher - INFO - DeepStream STDOUT: Initializing config files...
2025-02-10 11:42:08,117 - DeepStreamLauncher - INFO - DeepStream STDOUT: Parsing config file for Stream[0]: /home/tat/deepstream-custom-app/configs/deepstream_app_config_seg.txt
2025-02-10 11:42:08,117 - DeepStreamLauncher - INFO - DeepStream STDOUT: ** WARN: <parse_source:649>: Unknown key 'crop-x' for group [source0]
2025-02-10 11:42:08,117 - DeepStreamLauncher - INFO - DeepStream STDOUT: ** WARN: <parse_source:649>: Unknown key 'crop-y' for group [source0]
2025-02-10 11:42:08,117 - DeepStreamLauncher - INFO - DeepStream STDOUT: ** WARN: <parse_source:649>: Unknown key 'crop-width' for group [source0]
2025-02-10 11:42:08,117 - DeepStreamLauncher - INFO - DeepStream STDOUT: ** WARN: <parse_source:649>: Unknown key 'crop-height' for group [source0]
2025-02-10 11:42:08,117 - DeepStreamLauncher - INFO - DeepStream STDOUT: Creating pipelines...
2025-02-10 11:42:08,117 - DeepStreamLauncher - INFO - DeepStream STDOUT: Creating pipeline for Stream[0]
2025-02-10 11:42:08,203 - DeepStreamLauncher - INFO - DeepStream STDERR: Failed to load config file: No such file or directory
2025-02-10 11:42:08,203 - DeepStreamLauncher - INFO - DeepStream STDERR: ** ERROR: <gst_nvinfer_parse_config_file:1308>: failed
2025-02-10 11:42:08,205 - DeepStreamLauncher - INFO - DeepStream STDOUT: Setting pipelines to PLAYING state...
2025-02-10 11:42:08,287 - DeepStreamLauncher - INFO - DeepStream STDOUT: gstnvtracker: Loading low-level lib at /opt/nvidia/deepstream/deepstream/lib/libnvds_nvmultiobjecttracker.so
2025-02-10 11:42:08,287 - DeepStreamLauncher - INFO - DeepStream STDOUT: gstnvtracker: Batch processing is ON
2025-02-10 11:42:08,287 - DeepStreamLauncher - INFO - DeepStream STDOUT: gstnvtracker: Past frame output is OFF
2025-02-10 11:42:08,287 - DeepStreamLauncher - INFO - DeepStream STDERR: 0:00:00.183754086 [331m401604[00m 0x55857b123f50 [33;01mWARN   [00m [00m             nvinfer gstnvinfer.cpp:842:gst_nvinfer_start:<primary_gie>[00m error: Configuration file parsing failed
2025-02-10 11:42:08,287 - DeepStreamLauncher - INFO - DeepStream STDOUT: [NvMultiObjectTracker] Initialized
2025-02-10 11:42:08,287 - DeepStreamLauncher - INFO - DeepStream STDERR: 0:00:00.183766062 [331m401604[00m 0x55857b123f50 [33;01mWARN   [00m [00m             nvinfer gstnvinfer.cpp:842:gst_nvinfer_start:<primary_gie>[00m error: Config file path: /home/tat/deepstream-custom-app/configs/configs/config_infer_primary_yoloV8_seg.txt
2025-02-10 11:42:08,287 - DeepStreamLauncher - INFO - DeepStream STDOUT: [NvMultiObjectTracker] De-initialized
2025-02-10 11:42:08,288 - DeepStreamLauncher - INFO - DeepStream STDERR: 0:00:00.183784695 [331m401604[00m 0x55857b123f50 [33;01mWARN   [00m [00;01;31;44m            GST_PADS gstpad.c:1142:gst_pad_set_active:<primary_gie:sink>[00m Failed to activate pad
2025-02-10 11:42:08,288 - DeepStreamLauncher - INFO - DeepStream STDOUT: Failed to set pipeline 0 to PLAYING
2025-02-10 11:42:08,288 - DeepStreamLauncher - INFO - DeepStream STDOUT: Cleaning up...
2025-02-10 11:42:09,290 - DeepStreamLauncher - INFO - DeepStream STDOUT: Application completed successfully
2025-02-10 11:42:10,099 - DeepStreamLauncher - ERROR - DeepStream failed to start: 
2025-02-10 11:42:10,099 - DeepStreamLauncher - ERROR - Failed to start DeepStream
2025-02-10 11:42:10,099 - DeepStreamLauncher - INFO - Stopping DeepStream Launcher...
2025-02-10 11:42:10,099 - DeepStreamLauncher - INFO - Terminating DeepStream process...
2025-02-10 11:42:10,600 - DeepStreamLauncher - INFO - DeepStream Launcher stopped
2025-02-10 11:42:10,600 - DeepStreamLauncher - INFO - Stopping DeepStream Launcher...
2025-02-10 11:42:11,101 - DeepStreamLauncher - INFO - DeepStream Launcher stopped
