2025-01-20 11:46:15,169 - DeepStreamLauncher - INFO - Starting DeepStream Launcher...
2025-01-20 11:46:15,169 - DeepStreamLauncher - INFO - Created pipe: /tmp/ds_detection_pipe
2025-01-20 11:46:15,169 - DeepStreamLauncher - INFO - Created pipe: /tmp/ds_segmentation_pipe
2025-01-20 11:46:15,269 - DeepStreamLauncher - INFO - Opening pipes for reading...
2025-01-20 11:46:15,270 - DeepStreamLauncher - INFO - Opened pipe: /tmp/ds_detection_pipe
2025-01-20 11:46:15,270 - DeepStreamLauncher - INFO - Opened pipe: /tmp/ds_segmentation_pipe
2025-01-20 11:46:15,270 - DeepStreamLauncher - INFO - Starting DeepStream...
2025-01-20 11:46:15,271 - DeepStreamLauncher - INFO - DeepStream process PID: 278057
2025-01-20 11:46:15,293 - DeepStreamLauncher - INFO - DeepStream STDOUT: Setting up IPC pipes...
2025-01-20 11:46:15,293 - DeepStreamLauncher - INFO - DeepStream STDOUT: Opening detection pipe for writing...
2025-01-20 11:46:15,293 - DeepStreamLauncher - INFO - DeepStream STDOUT: Opening segmentation pipe for writing...
2025-01-20 11:46:15,293 - DeepStreamLauncher - INFO - DeepStream STDOUT: Both pipes opened successfully
2025-01-20 11:46:15,293 - DeepStreamLauncher - INFO - DeepStream STDOUT: Initializing config files...
2025-01-20 11:46:15,293 - DeepStreamLauncher - INFO - DeepStream STDOUT: Parsing config file for Stream[0]: /home/tat/deepstream-custom-app/configs/deepstream_app_config_box_wedcam.txt
2025-01-20 11:46:15,293 - DeepStreamLauncher - INFO - DeepStream STDOUT: Parsing config file for Stream[1]: /home/tat/deepstream-custom-app/configs/deepstream_app_config_seg.txt
2025-01-20 11:46:15,293 - DeepStreamLauncher - INFO - DeepStream STDOUT: ** WARN: <parse_source:649>: Unknown key 'convert-ops' for group [source1]
2025-01-20 11:46:15,293 - DeepStreamLauncher - INFO - DeepStream STDOUT: ** WARN: <parse_source:649>: Unknown key 'roi-params' for group [source1]
2025-01-20 11:46:15,293 - DeepStreamLauncher - INFO - DeepStream STDOUT: Creating pipelines...
2025-01-20 11:46:15,293 - DeepStreamLauncher - INFO - DeepStream STDOUT: Creating pipeline for Stream[0]
2025-01-20 11:46:15,601 - DeepStreamLauncher - INFO - DeepStream STDOUT: Creating pipeline for Stream[1]
2025-01-20 11:46:15,605 - DeepStreamLauncher - INFO - DeepStream STDOUT: Setting pipelines to PLAYING state...
2025-01-20 11:46:17,273 - DeepStreamLauncher - INFO - DeepStream started successfully
2025-01-20 11:46:17,273 - DeepStreamLauncher - INFO - Starting reader for /tmp/ds_detection_pipe
2025-01-20 11:46:17,274 - DeepStreamLauncher - INFO - Starting reader for /tmp/ds_segmentation_pipe
2025-01-20 11:46:17,274 - DeepStreamLauncher - INFO - DeepStream Launcher started successfully
2025-01-20 11:46:17,789 - DeepStreamLauncher - INFO - DeepStream STDERR: 0:00:02.511390600 [336m278057[00m 0x55e17b3c8200 [36mINFO   [00m [00m             nvinfer gstnvinfer.cpp:680:gst_nvinfer_logger:<primary_gie>[00m NvDsInferContext[UID 1]: Info from NvDsInferContextImpl::deserializeEngineAndBackend() <nvdsinfer_context_impl.cpp:1909> [UID = 1]: deserialized trt engine from :/home/tat/deepstream-custom-app/configs/model_b1_gpu0_fp16.engine
2025-01-20 11:46:17,823 - DeepStreamLauncher - INFO - DeepStream STDERR: 0:00:02.544947409 [336m278057[00m 0x55e17b3c8200 [36mINFO   [00m [00m             nvinfer gstnvinfer.cpp:680:gst_nvinfer_logger:<primary_gie>[00m NvDsInferContext[UID 1]: Info from NvDsInferContextImpl::generateBackendContext() <nvdsinfer_context_impl.cpp:2012> [UID = 1]: Use deserialized engine model: /home/tat/deepstream-custom-app/configs/model_b1_gpu0_fp16.engine
2025-01-20 11:46:17,823 - DeepStreamLauncher - INFO - DeepStream STDERR: 0:00:02.545664627 [336m278057[00m 0x55e17b3c8200 [36mINFO   [00m [00m             nvinfer gstnvinfer_impl.cpp:328:notifyLoadModelStatus:<primary_gie>[00m [UID 1]: Load new model:/home/tat/deepstream-custom-app/configs/../configs/config_infer_primary_yoloV8_box.txt sucessfully
2025-01-20 11:46:17,824 - DeepStreamLauncher - INFO - DeepStream STDERR: 0:00:02.546092582 [336m278057[00m 0x55e17b3c8200 [33;01mWARN   [00m [00m             v4l2src gstv4l2src.c:695:gst_v4l2src_query:<src_elem>[00m Can't give latency since framerate isn't fixated !
2025-01-20 11:46:17,824 - DeepStreamLauncher - INFO - DeepStream STDOUT: WARNING: [TRT]: The getMaxBatchSize() function should not be used with an engine built from a network created with NetworkDefinitionCreationFlag::kEXPLICIT_BATCH flag. This function will always return 1.
2025-01-20 11:46:17,824 - DeepStreamLauncher - INFO - DeepStream STDOUT: INFO: ../nvdsinfer/nvdsinfer_model_builder.cpp:610 [Implicit Engine Info]: layers num: 4
2025-01-20 11:46:17,824 - DeepStreamLauncher - INFO - DeepStream STDOUT: 0   INPUT  kFLOAT input           3x640x640
2025-01-20 11:46:17,825 - DeepStreamLauncher - INFO - DeepStream STDOUT: 1   OUTPUT kFLOAT boxes           8400x4
2025-01-20 11:46:17,825 - DeepStreamLauncher - INFO - DeepStream STDOUT: 2   OUTPUT kFLOAT scores          8400x1
2025-01-20 11:46:17,825 - DeepStreamLauncher - INFO - DeepStream STDOUT: 3   OUTPUT kFLOAT classes         8400x1
2025-01-20 11:46:17,825 - DeepStreamLauncher - INFO - DeepStream STDOUT: 
2025-01-20 11:46:17,825 - DeepStreamLauncher - INFO - DeepStream STDOUT: Pipeline 0 is PLAYING
2025-01-20 11:46:17,832 - DeepStreamLauncher - INFO - DeepStream STDOUT: gstnvtracker: Loading low-level lib at /opt/nvidia/deepstream/deepstream/lib/libnvds_nvmultiobjecttracker.so
2025-01-20 11:46:17,832 - DeepStreamLauncher - INFO - DeepStream STDOUT: gstnvtracker: Batch processing is ON
2025-01-20 11:46:17,833 - DeepStreamLauncher - INFO - DeepStream STDOUT: gstnvtracker: Past frame output is OFF
2025-01-20 11:46:17,833 - DeepStreamLauncher - INFO - DeepStream STDOUT: [NvMultiObjectTracker] Initialized
2025-01-20 11:46:18,088 - DeepStreamLauncher - INFO - DeepStream STDERR: 0:00:02.810444568 [336m278057[00m 0x55e17aa076a0 [33;01mWARN   [00m [00m             v4l2src gstv4l2src.c:978:gst_v4l2src_create:<src_elem>[00m lost frames detected: count = 1 - ts: 0:00:00.232352133
2025-01-20 11:46:18,173 - DeepStreamLauncher - INFO - DeepStream STDOUT: Processing frame 0
2025-01-20 11:46:18,173 - DeepStreamLauncher - INFO - DeepStream STDOUT: Processing Stream[0]
2025-01-20 11:46:18,173 - DeepStreamLauncher - INFO - DeepStream STDOUT: Successfully wrote 100 bytes to Detection pipe
2025-01-20 11:46:18,173 - DeepStreamLauncher - INFO - DeepStream STDOUT: Sent detection data for frame 0
2025-01-20 11:46:18,174 - StreamProcessor - INFO - 
Detection (Stream 0) | Frame 0:
- Class ID: 0
- Confidence: 0.85
- BBox: x=421.3, y=266.6, w=397.9, h=272.5
2025-01-20 11:46:18,186 - DeepStreamLauncher - INFO - DeepStream STDOUT: Processing frame 1
2025-01-20 11:46:18,187 - DeepStreamLauncher - INFO - DeepStream STDOUT: Processing Stream[0]
2025-01-20 11:46:18,187 - DeepStreamLauncher - INFO - DeepStream STDOUT: Successfully wrote 100 bytes to Detection pipe
2025-01-20 11:46:18,187 - DeepStreamLauncher - INFO - DeepStream STDOUT: Sent detection data for frame 0
2025-01-20 11:46:18,187 - DeepStreamLauncher - INFO - DeepStream STDOUT: Processing frame 2
2025-01-20 11:46:18,188 - DeepStreamLauncher - INFO - DeepStream STDOUT: Processing Stream[0]
2025-01-20 11:46:18,188 - DeepStreamLauncher - INFO - DeepStream STDOUT: Successfully wrote 100 bytes to Detection pipe
2025-01-20 11:46:18,188 - DeepStreamLauncher - INFO - DeepStream STDOUT: Sent detection data for frame 0
2025-01-20 11:46:18,188 - DeepStreamLauncher - INFO - DeepStream STDOUT: Processing frame 3
2025-01-20 11:46:18,188 - DeepStreamLauncher - INFO - DeepStream STDOUT: Processing Stream[0]
2025-01-20 11:46:18,189 - DeepStreamLauncher - INFO - DeepStream STDOUT: Successfully wrote 100 bytes to Detection pipe
2025-01-20 11:46:18,189 - DeepStreamLauncher - INFO - DeepStream STDOUT: Sent detection data for frame 0
2025-01-20 11:46:18,194 - StreamProcessor - INFO - 
Detection (Stream 0) | Frame 0:
- Class ID: 0
- Confidence: 0.83
- BBox: x=419.2, y=265.5, w=404.2, h=274.0
2025-01-20 11:46:18,204 - StreamProcessor - INFO - 
Detection (Stream 0) | Frame 0:
- Class ID: 0
- Confidence: 0.84
- BBox: x=416.2, y=267.9, w=445.5, h=272.1
2025-01-20 11:46:18,206 - DeepStreamLauncher - INFO - DeepStream STDOUT: Processing frame 4
2025-01-20 11:46:18,207 - DeepStreamLauncher - INFO - DeepStream STDOUT: Processing Stream[0]
2025-01-20 11:46:18,207 - DeepStreamLauncher - INFO - DeepStream STDOUT: Successfully wrote 100 bytes to Detection pipe
2025-01-20 11:46:18,207 - DeepStreamLauncher - INFO - DeepStream STDOUT: Sent detection data for frame 0
2025-01-20 11:46:18,214 - StreamProcessor - INFO - 
Detection (Stream 0) | Frame 0:
- Class ID: 0
- Confidence: 0.83
- BBox: x=414.8, y=267.2, w=431.2, h=272.3
2025-01-20 11:46:18,225 - StreamProcessor - INFO - 
Detection (Stream 0) | Frame 0:
- Class ID: 0
- Confidence: 0.83
- BBox: x=413.2, y=266.6, w=438.8, h=273.4
2025-01-20 11:46:18,246 - DeepStreamLauncher - INFO - DeepStream STDOUT: Processing frame 5
2025-01-20 11:46:18,246 - DeepStreamLauncher - INFO - DeepStream STDOUT: Processing Stream[0]
2025-01-20 11:46:18,246 - DeepStreamLauncher - INFO - DeepStream STDOUT: Successfully wrote 100 bytes to Detection pipe
2025-01-20 11:46:18,246 - DeepStreamLauncher - INFO - DeepStream STDOUT: Sent detection data for frame 0
2025-01-20 11:46:18,255 - StreamProcessor - INFO - 
Detection (Stream 0) | Frame 0:
- Class ID: 0
- Confidence: 0.83
- BBox: x=411.0, y=265.4, w=432.8, h=274.6
2025-01-20 11:46:18,279 - DeepStreamLauncher - INFO - DeepStream STDOUT: Processing frame 6
2025-01-20 11:46:18,280 - DeepStreamLauncher - INFO - DeepStream STDOUT: Processing Stream[0]
2025-01-20 11:46:18,280 - DeepStreamLauncher - INFO - DeepStream STDOUT: Successfully wrote 100 bytes to Detection pipe
2025-01-20 11:46:18,280 - DeepStreamLauncher - INFO - DeepStream STDOUT: Sent detection data for frame 0
2025-01-20 11:46:18,286 - StreamProcessor - INFO - 
Detection (Stream 0) | Frame 0:
- Class ID: 0
- Confidence: 0.82
- BBox: x=410.2, y=264.1, w=441.0, h=275.9
2025-01-20 11:46:18,296 - DeepStreamLauncher - INFO - DeepStream STDOUT: Processing frame 7
2025-01-20 11:46:18,297 - DeepStreamLauncher - INFO - DeepStream STDOUT: Processing Stream[0]
2025-01-20 11:46:18,297 - DeepStreamLauncher - INFO - DeepStream STDOUT: Successfully wrote 100 bytes to Detection pipe
2025-01-20 11:46:18,297 - DeepStreamLauncher - INFO - DeepStream STDOUT: Sent detection data for frame 0
2025-01-20 11:46:18,306 - StreamProcessor - INFO - 
Detection (Stream 0) | Frame 0:
- Class ID: 0
- Confidence: 0.82
- BBox: x=409.5, y=267.5, w=426.8, h=272.5
2025-01-20 11:46:18,329 - DeepStreamLauncher - INFO - DeepStream STDOUT: Processing frame 8
2025-01-20 11:46:18,329 - DeepStreamLauncher - INFO - DeepStream STDOUT: Processing Stream[0]
2025-01-20 11:46:18,329 - DeepStreamLauncher - INFO - DeepStream STDOUT: Successfully wrote 100 bytes to Detection pipe
2025-01-20 11:46:18,330 - DeepStreamLauncher - INFO - DeepStream STDOUT: Sent detection data for frame 0
2025-01-20 11:46:18,336 - StreamProcessor - INFO - 
Detection (Stream 0) | Frame 0:
- Class ID: 0
- Confidence: 0.81
- BBox: x=408.2, y=266.6, w=442.1, h=273.4
2025-01-20 11:46:18,361 - DeepStreamLauncher - INFO - DeepStream STDOUT: Processing frame 9
2025-01-20 11:46:18,361 - DeepStreamLauncher - INFO - DeepStream STDOUT: Processing Stream[0]
2025-01-20 11:46:18,361 - DeepStreamLauncher - INFO - DeepStream STDOUT: Successfully wrote 100 bytes to Detection pipe
2025-01-20 11:46:18,361 - DeepStreamLauncher - INFO - DeepStream STDOUT: Sent detection data for frame 0
2025-01-20 11:46:18,367 - StreamProcessor - INFO - 
Detection (Stream 0) | Frame 0:
- Class ID: 0
- Confidence: 0.84
- BBox: x=408.2, y=265.4, w=404.6, h=274.2
2025-01-20 11:46:18,392 - DeepStreamLauncher - INFO - DeepStream STDOUT: Processing frame 10
2025-01-20 11:46:18,392 - DeepStreamLauncher - INFO - DeepStream STDOUT: Processing Stream[0]
2025-01-20 11:46:18,392 - DeepStreamLauncher - INFO - DeepStream STDOUT: Successfully wrote 100 bytes to Detection pipe
2025-01-20 11:46:18,392 - DeepStreamLauncher - INFO - DeepStream STDOUT: Sent detection data for frame 0
2025-01-20 11:46:18,397 - StreamProcessor - INFO - 
Detection (Stream 0) | Frame 0:
- Class ID: 0
- Confidence: 0.83
- BBox: x=408.2, y=267.9, w=403.1, h=271.7
2025-01-20 11:46:18,428 - DeepStreamLauncher - INFO - DeepStream STDOUT: Processing frame 11
2025-01-20 11:46:18,428 - DeepStreamLauncher - INFO - DeepStream STDOUT: Processing Stream[0]
2025-01-20 11:46:18,429 - DeepStreamLauncher - INFO - DeepStream STDOUT: Successfully wrote 100 bytes to Detection pipe
2025-01-20 11:46:18,429 - DeepStreamLauncher - INFO - DeepStream STDOUT: Sent detection data for frame 0
2025-01-20 11:46:18,438 - StreamProcessor - INFO - 
Detection (Stream 0) | Frame 0:
- Class ID: 0
- Confidence: 0.84
- BBox: x=408.0, y=267.5, w=401.2, h=272.1
2025-01-20 11:46:18,460 - DeepStreamLauncher - INFO - DeepStream STDOUT: Processing frame 12
2025-01-20 11:46:18,460 - DeepStreamLauncher - INFO - DeepStream STDOUT: Processing Stream[0]
2025-01-20 11:46:18,461 - DeepStreamLauncher - INFO - DeepStream STDOUT: Successfully wrote 100 bytes to Detection pipe
2025-01-20 11:46:18,461 - DeepStreamLauncher - INFO - DeepStream STDOUT: Sent detection data for frame 0
2025-01-20 11:46:18,468 - StreamProcessor - INFO - 
Detection (Stream 0) | Frame 0:
- Class ID: 0
- Confidence: 0.84
- BBox: x=408.0, y=268.7, w=401.2, h=270.8
2025-01-20 11:46:18,492 - DeepStreamLauncher - INFO - DeepStream STDOUT: Processing frame 13
2025-01-20 11:46:18,492 - DeepStreamLauncher - INFO - DeepStream STDOUT: Processing Stream[0]
2025-01-20 11:46:18,492 - DeepStreamLauncher - INFO - DeepStream STDOUT: Successfully wrote 100 bytes to Detection pipe
2025-01-20 11:46:18,492 - DeepStreamLauncher - INFO - DeepStream STDOUT: Sent detection data for frame 0
2025-01-20 11:46:18,499 - StreamProcessor - INFO - 
Detection (Stream 0) | Frame 0:
- Class ID: 0
- Confidence: 0.82
- BBox: x=408.0, y=267.2, w=402.8, h=272.3
2025-01-20 11:46:18,528 - DeepStreamLauncher - INFO - DeepStream STDOUT: Processing frame 14
2025-01-20 11:46:18,529 - DeepStreamLauncher - INFO - DeepStream STDOUT: Processing Stream[0]
2025-01-20 11:46:18,529 - DeepStreamLauncher - INFO - DeepStream STDOUT: Successfully wrote 100 bytes to Detection pipe
2025-01-20 11:46:18,529 - DeepStreamLauncher - INFO - DeepStream STDOUT: Sent detection data for frame 0
2025-01-20 11:46:18,529 - StreamProcessor - INFO - 
Detection (Stream 0) | Frame 0:
- Class ID: 0
- Confidence: 0.83
- BBox: x=408.0, y=267.5, w=401.2, h=272.1
2025-01-20 11:46:18,560 - DeepStreamLauncher - INFO - DeepStream STDOUT: Processing frame 15
2025-01-20 11:46:18,561 - DeepStreamLauncher - INFO - DeepStream STDOUT: Processing Stream[0]
2025-01-20 11:46:18,561 - DeepStreamLauncher - INFO - DeepStream STDOUT: Successfully wrote 100 bytes to Detection pipe
2025-01-20 11:46:18,561 - DeepStreamLauncher - INFO - DeepStream STDOUT: Sent detection data for frame 0
2025-01-20 11:46:18,570 - StreamProcessor - INFO - 
Detection (Stream 0) | Frame 0:
- Class ID: 0
- Confidence: 0.86
- BBox: x=407.4, y=266.2, w=400.1, h=273.4
2025-01-20 11:46:18,592 - DeepStreamLauncher - INFO - DeepStream STDOUT: Processing frame 16
2025-01-20 11:46:18,592 - DeepStreamLauncher - INFO - DeepStream STDOUT: Processing Stream[0]
2025-01-20 11:46:18,592 - DeepStreamLauncher - INFO - DeepStream STDOUT: Successfully wrote 100 bytes to Detection pipe
2025-01-20 11:46:18,592 - DeepStreamLauncher - INFO - DeepStream STDOUT: Sent detection data for frame 0
2025-01-20 11:46:18,600 - StreamProcessor - INFO - 
Detection (Stream 0) | Frame 0:
- Class ID: 0
- Confidence: 0.84
- BBox: x=408.0, y=266.2, w=400.5, h=273.4
2025-01-20 11:46:18,628 - DeepStreamLauncher - INFO - DeepStream STDOUT: Processing frame 17
2025-01-20 11:46:18,629 - DeepStreamLauncher - INFO - DeepStream STDOUT: Processing Stream[0]
2025-01-20 11:46:18,629 - DeepStreamLauncher - INFO - DeepStream STDOUT: Successfully wrote 100 bytes to Detection pipe
2025-01-20 11:46:18,629 - DeepStreamLauncher - INFO - DeepStream STDOUT: Sent detection data for frame 0
2025-01-20 11:46:18,630 - StreamProcessor - INFO - 
Detection (Stream 0) | Frame 0:
- Class ID: 0
- Confidence: 0.81
- BBox: x=407.4, y=264.5, w=404.6, h=275.1
2025-01-20 11:46:18,660 - DeepStreamLauncher - INFO - DeepStream STDOUT: Processing frame 18
2025-01-20 11:46:18,661 - DeepStreamLauncher - INFO - DeepStream STDOUT: Processing Stream[0]
2025-01-20 11:46:18,661 - StreamProcessor - INFO - 
Detection (Stream 0) | Frame 0:
- Class ID: 0
- Confidence: 0.81
- BBox: x=407.2, y=264.9, w=441.8, h=275.1
2025-01-20 11:46:18,661 - DeepStreamLauncher - INFO - DeepStream STDOUT: Successfully wrote 100 bytes to Detection pipe
2025-01-20 11:46:18,661 - DeepStreamLauncher - INFO - DeepStream STDOUT: Sent detection data for frame 0
2025-01-20 11:46:18,692 - DeepStreamLauncher - INFO - DeepStream STDOUT: Processing frame 19
2025-01-20 11:46:18,692 - DeepStreamLauncher - INFO - DeepStream STDOUT: Processing Stream[0]
2025-01-20 11:46:18,692 - DeepStreamLauncher - INFO - DeepStream STDOUT: Successfully wrote 100 bytes to Detection pipe
2025-01-20 11:46:18,693 - DeepStreamLauncher - INFO - DeepStream STDOUT: Sent detection data for frame 0
2025-01-20 11:46:18,701 - StreamProcessor - INFO - 
Detection (Stream 0) | Frame 0:
- Class ID: 0
- Confidence: 0.82
- BBox: x=408.2, y=266.6, w=455.6, h=273.4
2025-01-20 11:46:18,728 - DeepStreamLauncher - INFO - DeepStream STDOUT: Processing frame 20
2025-01-20 11:46:18,729 - DeepStreamLauncher - INFO - DeepStream STDOUT: Processing Stream[0]
2025-01-20 11:46:18,729 - DeepStreamLauncher - INFO - DeepStream STDOUT: Successfully wrote 100 bytes to Detection pipe
2025-01-20 11:46:18,729 - DeepStreamLauncher - INFO - DeepStream STDOUT: Sent detection data for frame 0
2025-01-20 11:46:18,732 - StreamProcessor - INFO - 
Detection (Stream 0) | Frame 0:
- Class ID: 0
- Confidence: 0.82
- BBox: x=408.8, y=264.6, w=456.0, h=274.9
2025-01-20 11:46:18,761 - DeepStreamLauncher - INFO - DeepStream STDOUT: Processing frame 21
2025-01-20 11:46:18,761 - DeepStreamLauncher - INFO - DeepStream STDOUT: Processing Stream[0]
2025-01-20 11:46:18,761 - DeepStreamLauncher - INFO - DeepStream STDOUT: Successfully wrote 100 bytes to Detection pipe
2025-01-20 11:46:18,761 - DeepStreamLauncher - INFO - DeepStream STDOUT: Sent detection data for frame 0
2025-01-20 11:46:18,762 - StreamProcessor - INFO - 
Detection (Stream 0) | Frame 0:
- Class ID: 0
- Confidence: 0.83
- BBox: x=408.8, y=265.5, w=458.2, h=274.0
2025-01-20 11:46:18,792 - DeepStreamLauncher - INFO - DeepStream STDOUT: Processing frame 22
2025-01-20 11:46:18,792 - DeepStreamLauncher - INFO - DeepStream STDOUT: Processing Stream[0]
2025-01-20 11:46:18,792 - DeepStreamLauncher - INFO - DeepStream STDOUT: Successfully wrote 100 bytes to Detection pipe
2025-01-20 11:46:18,792 - DeepStreamLauncher - INFO - DeepStream STDOUT: Sent detection data for frame 0
2025-01-20 11:46:18,793 - StreamProcessor - INFO - 
Detection (Stream 0) | Frame 0:
- Class ID: 0
- Confidence: 0.83
- BBox: x=408.8, y=266.2, w=456.8, h=273.8
2025-01-20 11:46:18,824 - DeepStreamLauncher - INFO - DeepStream STDOUT: Processing frame 23
2025-01-20 11:46:18,824 - DeepStreamLauncher - INFO - DeepStream STDOUT: Processing Stream[0]
2025-01-20 11:46:18,825 - DeepStreamLauncher - INFO - DeepStream STDOUT: Successfully wrote 100 bytes to Detection pipe
2025-01-20 11:46:18,825 - DeepStreamLauncher - INFO - DeepStream STDOUT: Sent detection data for frame 0
2025-01-20 11:46:18,833 - StreamProcessor - INFO - 
Detection (Stream 0) | Frame 0:
- Class ID: 0
- Confidence: 0.83
- BBox: x=407.2, y=267.9, w=459.8, h=271.7
2025-01-20 11:46:18,860 - DeepStreamLauncher - INFO - DeepStream STDOUT: Processing frame 24
2025-01-20 11:46:18,861 - DeepStreamLauncher - INFO - DeepStream STDOUT: Processing Stream[0]
2025-01-20 11:46:18,861 - DeepStreamLauncher - INFO - DeepStream STDOUT: Successfully wrote 100 bytes to Detection pipe
2025-01-20 11:46:18,861 - DeepStreamLauncher - INFO - DeepStream STDOUT: Sent detection data for frame 0
2025-01-20 11:46:18,864 - StreamProcessor - INFO - 
Detection (Stream 0) | Frame 0:
- Class ID: 0
- Confidence: 0.81
- BBox: x=410.2, y=263.7, w=411.0, h=275.9
2025-01-20 11:46:18,892 - DeepStreamLauncher - INFO - DeepStream STDOUT: Processing frame 25
2025-01-20 11:46:18,892 - DeepStreamLauncher - INFO - DeepStream STDOUT: Processing Stream[0]
2025-01-20 11:46:18,892 - DeepStreamLauncher - INFO - DeepStream STDOUT: Successfully wrote 100 bytes to Detection pipe
2025-01-20 11:46:18,892 - DeepStreamLauncher - INFO - DeepStream STDOUT: Sent detection data for frame 0
2025-01-20 11:46:18,894 - StreamProcessor - INFO - 
Detection (Stream 0) | Frame 0:
- Class ID: 0
- Confidence: 0.81
- BBox: x=410.2, y=265.7, w=449.2, h=274.3
2025-01-20 11:46:18,924 - DeepStreamLauncher - INFO - DeepStream STDOUT: Processing frame 26
2025-01-20 11:46:18,925 - DeepStreamLauncher - INFO - DeepStream STDOUT: Processing Stream[0]
2025-01-20 11:46:18,925 - DeepStreamLauncher - INFO - DeepStream STDOUT: Successfully wrote 100 bytes to Detection pipe
2025-01-20 11:46:18,925 - DeepStreamLauncher - INFO - DeepStream STDOUT: Sent detection data for frame 0
2025-01-20 11:46:18,934 - StreamProcessor - INFO - 
Detection (Stream 0) | Frame 0:
- Class ID: 0
- Confidence: 0.81
- BBox: x=411.0, y=266.6, w=417.0, h=273.0
2025-01-20 11:46:18,961 - DeepStreamLauncher - INFO - DeepStream STDOUT: Processing frame 27
2025-01-20 11:46:18,961 - DeepStreamLauncher - INFO - DeepStream STDOUT: Processing Stream[0]
2025-01-20 11:46:18,961 - DeepStreamLauncher - INFO - DeepStream STDOUT: Successfully wrote 100 bytes to Detection pipe
2025-01-20 11:46:18,961 - DeepStreamLauncher - INFO - DeepStream STDOUT: Sent detection data for frame 0
2025-01-20 11:46:18,965 - StreamProcessor - INFO - 
Detection (Stream 0) | Frame 0:
- Class ID: 0
- Confidence: 0.82
- BBox: x=411.0, y=265.4, w=444.0, h=274.2
2025-01-20 11:46:18,995 - DeepStreamLauncher - INFO - DeepStream STDOUT: Processing frame 28
2025-01-20 11:46:18,995 - DeepStreamLauncher - INFO - DeepStream STDOUT: Processing Stream[0]
2025-01-20 11:46:18,995 - DeepStreamLauncher - INFO - DeepStream STDOUT: Successfully wrote 100 bytes to Detection pipe
2025-01-20 11:46:18,995 - DeepStreamLauncher - INFO - DeepStream STDOUT: Sent detection data for frame 0
2025-01-20 11:46:19,006 - StreamProcessor - INFO - 
Detection (Stream 0) | Frame 0:
- Class ID: 0
- Confidence: 0.83
- BBox: x=411.0, y=267.0, w=450.8, h=273.0
2025-01-20 11:46:19,024 - DeepStreamLauncher - INFO - DeepStream STDOUT: Processing frame 29
2025-01-20 11:46:19,025 - DeepStreamLauncher - INFO - DeepStream STDOUT: Processing Stream[0]
2025-01-20 11:46:19,025 - DeepStreamLauncher - INFO - DeepStream STDOUT: Successfully wrote 100 bytes to Detection pipe
2025-01-20 11:46:19,025 - DeepStreamLauncher - INFO - DeepStream STDOUT: Sent detection data for frame 0
2025-01-20 11:46:19,027 - StreamProcessor - INFO - 
Detection (Stream 0) | Frame 0:
- Class ID: 0
- Confidence: 0.82
- BBox: x=411.0, y=265.8, w=452.2, h=274.2
2025-01-20 11:46:19,060 - DeepStreamLauncher - INFO - DeepStream STDOUT: Processing frame 30
2025-01-20 11:46:19,061 - DeepStreamLauncher - INFO - DeepStream STDOUT: Processing Stream[0]
2025-01-20 11:46:19,061 - DeepStreamLauncher - INFO - DeepStream STDOUT: Successfully wrote 100 bytes to Detection pipe
2025-01-20 11:46:19,061 - DeepStreamLauncher - INFO - DeepStream STDOUT: Sent detection data for frame 0
2025-01-20 11:46:19,067 - StreamProcessor - INFO - 
Detection (Stream 0) | Frame 0:
- Class ID: 0
- Confidence: 0.82
- BBox: x=410.4, y=265.0, w=443.6, h=274.9
2025-01-20 11:46:19,092 - DeepStreamLauncher - INFO - DeepStream STDOUT: Processing frame 31
2025-01-20 11:46:19,093 - DeepStreamLauncher - INFO - DeepStream STDOUT: Processing Stream[0]
2025-01-20 11:46:19,093 - DeepStreamLauncher - INFO - DeepStream STDOUT: Successfully wrote 100 bytes to Detection pipe
2025-01-20 11:46:19,093 - DeepStreamLauncher - INFO - DeepStream STDOUT: Sent detection data for frame 0
2025-01-20 11:46:19,097 - StreamProcessor - INFO - 
Detection (Stream 0) | Frame 0:
- Class ID: 0
- Confidence: 0.82
- BBox: x=411.8, y=264.5, w=405.0, h=274.6
2025-01-20 11:46:19,124 - DeepStreamLauncher - INFO - DeepStream STDOUT: Processing frame 32
2025-01-20 11:46:19,125 - DeepStreamLauncher - INFO - DeepStream STDOUT: Processing Stream[0]
2025-01-20 11:46:19,125 - DeepStreamLauncher - INFO - DeepStream STDOUT: Successfully wrote 100 bytes to Detection pipe
2025-01-20 11:46:19,125 - DeepStreamLauncher - INFO - DeepStream STDOUT: Sent detection data for frame 0
2025-01-20 11:46:19,128 - StreamProcessor - INFO - 
Detection (Stream 0) | Frame 0:
- Class ID: 0
- Confidence: 0.84
- BBox: x=411.8, y=267.9, w=399.0, h=271.7
2025-01-20 11:46:19,160 - DeepStreamLauncher - INFO - DeepStream STDOUT: Processing frame 33
2025-01-20 11:46:19,161 - DeepStreamLauncher - INFO - DeepStream STDOUT: Processing Stream[0]
2025-01-20 11:46:19,161 - DeepStreamLauncher - INFO - DeepStream STDOUT: Successfully wrote 100 bytes to Detection pipe
2025-01-20 11:46:19,161 - DeepStreamLauncher - INFO - DeepStream STDOUT: Sent detection data for frame 0
2025-01-20 11:46:19,168 - StreamProcessor - INFO - 
Detection (Stream 0) | Frame 0:
- Class ID: 0
- Confidence: 0.85
- BBox: x=411.8, y=268.7, w=396.8, h=270.4
2025-01-20 11:46:19,192 - DeepStreamLauncher - INFO - DeepStream STDOUT: Processing frame 34
2025-01-20 11:46:19,193 - DeepStreamLauncher - INFO - DeepStream STDOUT: Processing Stream[0]
2025-01-20 11:46:19,193 - DeepStreamLauncher - INFO - DeepStream STDOUT: Successfully wrote 100 bytes to Detection pipe
2025-01-20 11:46:19,193 - DeepStreamLauncher - INFO - DeepStream STDOUT: Sent detection data for frame 0
2025-01-20 11:46:19,199 - StreamProcessor - INFO - 
Detection (Stream 0) | Frame 0:
- Class ID: 0
- Confidence: 0.84
- BBox: x=411.8, y=266.2, w=396.8, h=273.4
2025-01-20 11:46:19,224 - DeepStreamLauncher - INFO - DeepStream STDOUT: Processing frame 35
2025-01-20 11:46:19,224 - DeepStreamLauncher - INFO - DeepStream STDOUT: Processing Stream[0]
2025-01-20 11:46:19,224 - DeepStreamLauncher - INFO - DeepStream STDOUT: Successfully wrote 100 bytes to Detection pipe
2025-01-20 11:46:19,224 - DeepStreamLauncher - INFO - DeepStream STDOUT: Sent detection data for frame 0
2025-01-20 11:46:19,229 - StreamProcessor - INFO - 
Detection (Stream 0) | Frame 0:
- Class ID: 0
- Confidence: 0.87
- BBox: x=410.2, y=268.8, w=396.8, h=270.6
2025-01-20 11:46:19,261 - DeepStreamLauncher - INFO - DeepStream STDOUT: Processing frame 36
2025-01-20 11:46:19,261 - DeepStreamLauncher - INFO - DeepStream STDOUT: Processing Stream[0]
2025-01-20 11:46:19,261 - DeepStreamLauncher - INFO - DeepStream STDOUT: Successfully wrote 100 bytes to Detection pipe
2025-01-20 11:46:19,261 - DeepStreamLauncher - INFO - DeepStream STDOUT: Sent detection data for frame 0
2025-01-20 11:46:19,270 - StreamProcessor - INFO - 
Detection (Stream 0) | Frame 0:
- Class ID: 0
- Confidence: 0.86
- BBox: x=411.8, y=266.9, w=395.2, h=272.7
2025-01-20 11:46:19,292 - DeepStreamLauncher - INFO - DeepStream STDOUT: Processing frame 37
2025-01-20 11:46:19,292 - DeepStreamLauncher - INFO - DeepStream STDOUT: Processing Stream[0]
2025-01-20 11:46:19,293 - DeepStreamLauncher - INFO - DeepStream STDOUT: Successfully wrote 100 bytes to Detection pipe
2025-01-20 11:46:19,293 - DeepStreamLauncher - INFO - DeepStream STDOUT: Sent detection data for frame 0
2025-01-20 11:46:19,300 - StreamProcessor - INFO - 
Detection (Stream 0) | Frame 0:
- Class ID: 0
- Confidence: 0.86
- BBox: x=411.6, y=267.5, w=394.9, h=272.1
2025-01-20 11:46:19,324 - DeepStreamLauncher - INFO - DeepStream STDOUT: Processing frame 38
2025-01-20 11:46:19,324 - DeepStreamLauncher - INFO - DeepStream STDOUT: Processing Stream[0]
2025-01-20 11:46:19,324 - DeepStreamLauncher - INFO - DeepStream STDOUT: Successfully wrote 100 bytes to Detection pipe
2025-01-20 11:46:19,325 - DeepStreamLauncher - INFO - DeepStream STDOUT: Sent detection data for frame 0
2025-01-20 11:46:19,331 - StreamProcessor - INFO - 
Detection (Stream 0) | Frame 0:
- Class ID: 0
- Confidence: 0.85
- BBox: x=411.0, y=266.2, w=395.2, h=273.4
2025-01-20 11:46:19,356 - DeepStreamLauncher - INFO - DeepStream STDOUT: Processing frame 39
2025-01-20 11:46:19,356 - DeepStreamLauncher - INFO - DeepStream STDOUT: Processing Stream[0]
2025-01-20 11:46:19,356 - DeepStreamLauncher - INFO - DeepStream STDOUT: Successfully wrote 100 bytes to Detection pipe
2025-01-20 11:46:19,356 - DeepStreamLauncher - INFO - DeepStream STDOUT: Sent detection data for frame 0
2025-01-20 11:46:19,361 - StreamProcessor - INFO - 
Detection (Stream 0) | Frame 0:
- Class ID: 0
- Confidence: 0.85
- BBox: x=410.1, y=268.3, w=396.4, h=271.3
2025-01-20 11:46:19,392 - DeepStreamLauncher - INFO - DeepStream STDOUT: Processing frame 40
2025-01-20 11:46:19,392 - DeepStreamLauncher - INFO - DeepStream STDOUT: Processing Stream[0]
2025-01-20 11:46:19,393 - DeepStreamLauncher - INFO - DeepStream STDOUT: Successfully wrote 100 bytes to Detection pipe
2025-01-20 11:46:19,393 - DeepStreamLauncher - INFO - DeepStream STDOUT: Sent detection data for frame 0
2025-01-20 11:46:19,402 - StreamProcessor - INFO - 
Detection (Stream 0) | Frame 0:
- Class ID: 0
- Confidence: 0.87
- BBox: x=410.1, y=269.6, w=394.9, h=270.0
2025-01-20 11:46:19,424 - DeepStreamLauncher - INFO - DeepStream STDOUT: Processing frame 41
2025-01-20 11:46:19,424 - DeepStreamLauncher - INFO - DeepStream STDOUT: Processing Stream[0]
2025-01-20 11:46:19,424 - DeepStreamLauncher - INFO - DeepStream STDOUT: Successfully wrote 100 bytes to Detection pipe
2025-01-20 11:46:19,424 - DeepStreamLauncher - INFO - DeepStream STDOUT: Sent detection data for frame 0
2025-01-20 11:46:19,432 - StreamProcessor - INFO - 
Detection (Stream 0) | Frame 0:
- Class ID: 0
- Confidence: 0.86
- BBox: x=409.5, y=269.5, w=394.5, h=270.2
2025-01-20 11:46:19,456 - DeepStreamLauncher - INFO - DeepStream STDOUT: Processing frame 42
2025-01-20 11:46:19,456 - DeepStreamLauncher - INFO - DeepStream STDOUT: Processing Stream[0]
2025-01-20 11:46:19,456 - DeepStreamLauncher - INFO - DeepStream STDOUT: Successfully wrote 100 bytes to Detection pipe
2025-01-20 11:46:19,457 - DeepStreamLauncher - INFO - DeepStream STDOUT: Sent detection data for frame 0
2025-01-20 11:46:19,463 - StreamProcessor - INFO - 
Detection (Stream 0) | Frame 0:
- Class ID: 0
- Confidence: 0.88
- BBox: x=407.8, y=270.4, w=394.9, h=269.2
2025-01-20 11:46:19,492 - DeepStreamLauncher - INFO - DeepStream STDOUT: Processing frame 43
2025-01-20 11:46:19,492 - DeepStreamLauncher - INFO - DeepStream STDOUT: Processing Stream[0]
2025-01-20 11:46:19,493 - DeepStreamLauncher - INFO - DeepStream STDOUT: Successfully wrote 100 bytes to Detection pipe
2025-01-20 11:46:19,493 - DeepStreamLauncher - INFO - DeepStream STDOUT: Sent detection data for frame 0
2025-01-20 11:46:19,493 - StreamProcessor - INFO - 
Detection (Stream 0) | Frame 0:
- Class ID: 0
- Confidence: 0.87
- BBox: x=406.5, y=270.0, w=395.2, h=269.6
2025-01-20 11:46:19,524 - DeepStreamLauncher - INFO - DeepStream STDOUT: Processing frame 44
2025-01-20 11:46:19,525 - DeepStreamLauncher - INFO - DeepStream STDOUT: Processing Stream[0]
2025-01-20 11:46:19,525 - DeepStreamLauncher - INFO - DeepStream STDOUT: Successfully wrote 100 bytes to Detection pipe
2025-01-20 11:46:19,525 - DeepStreamLauncher - INFO - DeepStream STDOUT: Sent detection data for frame 0
2025-01-20 11:46:19,534 - StreamProcessor - INFO - 
Detection (Stream 0) | Frame 0:
- Class ID: 0
- Confidence: 0.87
- BBox: x=407.2, y=271.3, w=393.8, h=268.7
2025-01-20 11:46:19,556 - DeepStreamLauncher - INFO - DeepStream STDOUT: Processing frame 45
2025-01-20 11:46:19,556 - DeepStreamLauncher - INFO - DeepStream STDOUT: Processing Stream[0]
2025-01-20 11:46:19,556 - DeepStreamLauncher - INFO - DeepStream STDOUT: Successfully wrote 100 bytes to Detection pipe
2025-01-20 11:46:19,556 - DeepStreamLauncher - INFO - DeepStream STDOUT: Sent detection data for frame 0
2025-01-20 11:46:19,564 - StreamProcessor - INFO - 
Detection (Stream 0) | Frame 0:
- Class ID: 0
- Confidence: 0.86
- BBox: x=406.5, y=270.4, w=394.5, h=269.2
2025-01-20 11:46:19,592 - DeepStreamLauncher - INFO - DeepStream STDOUT: Processing frame 46
2025-01-20 11:46:19,593 - DeepStreamLauncher - INFO - DeepStream STDOUT: Processing Stream[0]
2025-01-20 11:46:19,593 - DeepStreamLauncher - INFO - DeepStream STDOUT: Successfully wrote 100 bytes to Detection pipe
2025-01-20 11:46:19,593 - DeepStreamLauncher - INFO - DeepStream STDOUT: Sent detection data for frame 0
2025-01-20 11:46:19,595 - StreamProcessor - INFO - 
Detection (Stream 0) | Frame 0:
- Class ID: 0
- Confidence: 0.84
- BBox: x=407.2, y=269.2, w=393.0, h=270.4
2025-01-20 11:46:19,624 - DeepStreamLauncher - INFO - DeepStream STDOUT: Processing frame 47
2025-01-20 11:46:19,624 - DeepStreamLauncher - INFO - DeepStream STDOUT: Processing Stream[0]
2025-01-20 11:46:19,624 - DeepStreamLauncher - INFO - DeepStream STDOUT: Successfully wrote 100 bytes to Detection pipe
2025-01-20 11:46:19,625 - DeepStreamLauncher - INFO - DeepStream STDOUT: Sent detection data for frame 0
2025-01-20 11:46:19,625 - StreamProcessor - INFO - 
Detection (Stream 0) | Frame 0:
- Class ID: 0
- Confidence: 0.81
- BBox: x=406.5, y=269.6, w=395.2, h=269.6
2025-01-20 11:46:19,656 - DeepStreamLauncher - INFO - DeepStream STDOUT: Processing frame 48
2025-01-20 11:46:19,656 - DeepStreamLauncher - INFO - DeepStream STDOUT: Processing Stream[0]
2025-01-20 11:46:19,656 - DeepStreamLauncher - INFO - DeepStream STDOUT: Successfully wrote 100 bytes to Detection pipe
2025-01-20 11:46:19,656 - DeepStreamLauncher - INFO - DeepStream STDOUT: Sent detection data for frame 0
2025-01-20 11:46:19,666 - StreamProcessor - INFO - 
Detection (Stream 0) | Frame 0:
- Class ID: 0
- Confidence: 0.77
- BBox: x=404.2, y=269.2, w=443.2, h=270.8
2025-01-20 11:46:19,692 - DeepStreamLauncher - INFO - DeepStream STDOUT: Processing frame 49
2025-01-20 11:46:19,693 - DeepStreamLauncher - INFO - DeepStream STDOUT: Processing Stream[0]
2025-01-20 11:46:19,693 - DeepStreamLauncher - INFO - DeepStream STDOUT: Successfully wrote 100 bytes to Detection pipe
2025-01-20 11:46:19,693 - DeepStreamLauncher - INFO - DeepStream STDOUT: Sent detection data for frame 0
2025-01-20 11:46:19,696 - StreamProcessor - INFO - 
Detection (Stream 0) | Frame 0:
- Class ID: 0
- Confidence: 0.77
- BBox: x=405.0, y=270.0, w=444.0, h=270.0
2025-01-20 11:46:19,728 - DeepStreamLauncher - INFO - DeepStream STDOUT: Processing frame 50
2025-01-20 11:46:19,728 - DeepStreamLauncher - INFO - DeepStream STDOUT: Processing Stream[0]
2025-01-20 11:46:19,728 - DeepStreamLauncher - INFO - DeepStream STDOUT: Successfully wrote 100 bytes to Detection pipe
2025-01-20 11:46:19,728 - DeepStreamLauncher - INFO - DeepStream STDOUT: Sent detection data for frame 0
2025-01-20 11:46:19,737 - StreamProcessor - INFO - 
Detection (Stream 0) | Frame 0:
- Class ID: 0
- Confidence: 0.82
- BBox: x=402.0, y=270.8, w=499.5, h=268.7
2025-01-20 11:46:19,760 - DeepStreamLauncher - INFO - DeepStream STDOUT: Processing frame 51
2025-01-20 11:46:19,760 - DeepStreamLauncher - INFO - DeepStream STDOUT: Processing Stream[0]
2025-01-20 11:46:19,760 - DeepStreamLauncher - INFO - DeepStream STDOUT: Successfully wrote 100 bytes to Detection pipe
2025-01-20 11:46:19,760 - DeepStreamLauncher - INFO - DeepStream STDOUT: Sent detection data for frame 0
2025-01-20 11:46:19,767 - StreamProcessor - INFO - 
Detection (Stream 0) | Frame 0:
- Class ID: 0
- Confidence: 0.83
- BBox: x=401.4, y=271.4, w=499.1, h=268.1
2025-01-20 11:46:19,796 - DeepStreamLauncher - INFO - DeepStream STDOUT: Processing frame 52
2025-01-20 11:46:19,797 - DeepStreamLauncher - INFO - DeepStream STDOUT: Processing Stream[0]
2025-01-20 11:46:19,797 - DeepStreamLauncher - INFO - DeepStream STDOUT: Successfully wrote 100 bytes to Detection pipe
2025-01-20 11:46:19,797 - DeepStreamLauncher - INFO - DeepStream STDOUT: Sent detection data for frame 0
2025-01-20 11:46:19,797 - StreamProcessor - INFO - 
Detection (Stream 0) | Frame 0:
- Class ID: 0
- Confidence: 0.82
- BBox: x=402.0, y=270.5, w=498.0, h=268.9
2025-01-20 11:46:19,827 - DeepStreamLauncher - INFO - DeepStream STDOUT: Processing frame 53
2025-01-20 11:46:19,827 - DeepStreamLauncher - INFO - DeepStream STDOUT: Processing Stream[0]
2025-01-20 11:46:19,827 - DeepStreamLauncher - INFO - DeepStream STDOUT: Successfully wrote 100 bytes to Detection pipe
2025-01-20 11:46:19,827 - DeepStreamLauncher - INFO - DeepStream STDOUT: Sent detection data for frame 0
2025-01-20 11:46:19,828 - StreamProcessor - INFO - 
Detection (Stream 0) | Frame 0:
- Class ID: 0
- Confidence: 0.78
- BBox: x=401.4, y=270.5, w=497.6, h=268.9
2025-01-20 11:46:19,858 - DeepStreamLauncher - INFO - DeepStream STDOUT: Processing frame 54
2025-01-20 11:46:19,858 - StreamProcessor - INFO - 
Detection (Stream 0) | Frame 0:
- Class ID: 0
- Confidence: 0.78
- BBox: x=403.5, y=271.7, w=402.0, h=268.3
2025-01-20 11:46:19,858 - DeepStreamLauncher - INFO - DeepStream STDOUT: Processing Stream[0]
2025-01-20 11:46:19,859 - DeepStreamLauncher - INFO - DeepStream STDOUT: Successfully wrote 100 bytes to Detection pipe
2025-01-20 11:46:19,859 - DeepStreamLauncher - INFO - DeepStream STDOUT: Sent detection data for frame 0
2025-01-20 11:46:19,895 - DeepStreamLauncher - INFO - DeepStream STDOUT: Processing frame 55
2025-01-20 11:46:19,895 - DeepStreamLauncher - INFO - DeepStream STDOUT: Processing Stream[0]
2025-01-20 11:46:19,895 - DeepStreamLauncher - INFO - DeepStream STDOUT: Successfully wrote 100 bytes to Detection pipe
2025-01-20 11:46:19,895 - DeepStreamLauncher - INFO - DeepStream STDOUT: Sent detection data for frame 0
2025-01-20 11:46:19,899 - StreamProcessor - INFO - 
Detection (Stream 0) | Frame 0:
- Class ID: 0
- Confidence: 0.80
- BBox: x=402.0, y=270.8, w=495.8, h=268.7
2025-01-20 11:46:19,927 - DeepStreamLauncher - INFO - DeepStream STDOUT: Processing frame 56
2025-01-20 11:46:19,927 - DeepStreamLauncher - INFO - DeepStream STDOUT: Processing Stream[0]
2025-01-20 11:46:19,927 - DeepStreamLauncher - INFO - DeepStream STDOUT: Successfully wrote 100 bytes to Detection pipe
2025-01-20 11:46:19,927 - DeepStreamLauncher - INFO - DeepStream STDOUT: Sent detection data for frame 0
2025-01-20 11:46:19,929 - StreamProcessor - INFO - 
Detection (Stream 0) | Frame 0:
- Class ID: 0
- Confidence: 0.80
- BBox: x=402.0, y=270.4, w=503.2, h=269.2
2025-01-20 11:46:19,959 - DeepStreamLauncher - INFO - DeepStream STDOUT: Processing frame 57
2025-01-20 11:46:19,959 - DeepStreamLauncher - INFO - DeepStream STDOUT: Processing Stream[0]
2025-01-20 11:46:19,959 - DeepStreamLauncher - INFO - DeepStream STDOUT: Successfully wrote 100 bytes to Detection pipe
2025-01-20 11:46:19,959 - DeepStreamLauncher - INFO - DeepStream STDOUT: Sent detection data for frame 0
2025-01-20 11:46:19,960 - StreamProcessor - INFO - 
Detection (Stream 0) | Frame 0:
- Class ID: 0
- Confidence: 0.83
- BBox: x=402.0, y=271.2, w=503.2, h=268.5
2025-01-20 11:46:19,989 - DeepStreamLauncher - INFO - DeepStream STDOUT: Processing frame 58
2025-01-20 11:46:19,989 - DeepStreamLauncher - INFO - DeepStream STDOUT: Processing Stream[0]
2025-01-20 11:46:19,989 - DeepStreamLauncher - INFO - DeepStream STDOUT: Successfully wrote 100 bytes to Detection pipe
2025-01-20 11:46:19,989 - DeepStreamLauncher - INFO - DeepStream STDOUT: Sent detection data for frame 0
2025-01-20 11:46:19,990 - StreamProcessor - INFO - 
Detection (Stream 0) | Frame 0:
- Class ID: 0
- Confidence: 0.83
- BBox: x=402.0, y=270.0, w=507.0, h=269.6
2025-01-20 11:46:20,000 - DeepStreamLauncher - INFO - 
Stream Statistics:
2025-01-20 11:46:20,001 - DeepStreamLauncher - INFO - {
  "detection": {
    "total_frames": 1,
    "total_objects": 59,
    "classes": {
      "0": 59
    },
    "avg_confidence": 0.8298305084745762
  },
  "segmentation": {
    "total_frames": 0,
    "total_objects": 0,
    "unique_tracks": 0,
    "classes": {},
    "avg_confidence": 0
  }
}
2025-01-20 11:46:20,011 - DeepStreamLauncher - INFO - 
Stream Statistics:
2025-01-20 11:46:20,011 - DeepStreamLauncher - INFO - {
  "detection": {
    "total_frames": 1,
    "total_objects": 59,
    "classes": {
      "0": 59
    },
    "avg_confidence": 0.8298305084745762
  },
  "segmentation": {
    "total_frames": 0,
    "total_objects": 0,
    "unique_tracks": 0,
    "classes": {},
    "avg_confidence": 0
  }
}
2025-01-20 11:46:20,021 - DeepStreamLauncher - INFO - 
Stream Statistics:
2025-01-20 11:46:20,021 - DeepStreamLauncher - INFO - {
  "detection": {
    "total_frames": 1,
    "total_objects": 59,
    "classes": {
      "0": 59
    },
    "avg_confidence": 0.8298305084745762
  },
  "segmentation": {
    "total_frames": 0,
    "total_objects": 0,
    "unique_tracks": 0,
    "classes": {},
    "avg_confidence": 0
  }
}
2025-01-20 11:46:20,025 - DeepStreamLauncher - INFO - DeepStream STDOUT: Processing frame 59
2025-01-20 11:46:20,025 - DeepStreamLauncher - INFO - DeepStream STDOUT: Processing Stream[0]
2025-01-20 11:46:20,025 - DeepStreamLauncher - INFO - DeepStream STDOUT: Successfully wrote 100 bytes to Detection pipe
2025-01-20 11:46:20,025 - DeepStreamLauncher - INFO - DeepStream STDOUT: Sent detection data for frame 0
2025-01-20 11:46:20,032 - StreamProcessor - INFO - 
Detection (Stream 0) | Frame 0:
- Class ID: 0
- Confidence: 0.83
- BBox: x=402.0, y=270.0, w=510.0, h=269.6
2025-01-20 11:46:20,032 - DeepStreamLauncher - INFO - 
Stream Statistics:
2025-01-20 11:46:20,032 - DeepStreamLauncher - INFO - {
  "detection": {
    "total_frames": 1,
    "total_objects": 60,
    "classes": {
      "0": 60
    },
    "avg_confidence": 0.8298333333333332
  },
  "segmentation": {
    "total_frames": 0,
    "total_objects": 0,
    "unique_tracks": 0,
    "classes": {},
    "avg_confidence": 0
  }
}
2025-01-20 11:46:20,042 - DeepStreamLauncher - INFO - 
Stream Statistics:
2025-01-20 11:46:20,043 - DeepStreamLauncher - INFO - {
  "detection": {
    "total_frames": 1,
    "total_objects": 60,
    "classes": {
      "0": 60
    },
    "avg_confidence": 0.8298333333333332
  },
  "segmentation": {
    "total_frames": 0,
    "total_objects": 0,
    "unique_tracks": 0,
    "classes": {},
    "avg_confidence": 0
  }
}
2025-01-20 11:46:20,053 - DeepStreamLauncher - INFO - 
Stream Statistics:
2025-01-20 11:46:20,053 - DeepStreamLauncher - INFO - {
  "detection": {
    "total_frames": 1,
    "total_objects": 60,
    "classes": {
      "0": 60
    },
    "avg_confidence": 0.8298333333333332
  },
  "segmentation": {
    "total_frames": 0,
    "total_objects": 0,
    "unique_tracks": 0,
    "classes": {},
    "avg_confidence": 0
  }
}
2025-01-20 11:46:20,063 - DeepStreamLauncher - INFO - 
Stream Statistics:
2025-01-20 11:46:20,064 - DeepStreamLauncher - INFO - {
  "detection": {
    "total_frames": 1,
    "total_objects": 60,
    "classes": {
      "0": 60
    },
    "avg_confidence": 0.8298333333333332
  },
  "segmentation": {
    "total_frames": 0,
    "total_objects": 0,
    "unique_tracks": 0,
    "classes": {},
    "avg_confidence": 0
  }
}
2025-01-20 11:46:20,074 - DeepStreamLauncher - INFO - 
Stream Statistics:
2025-01-20 11:46:20,074 - DeepStreamLauncher - INFO - {
  "detection": {
    "total_frames": 1,
    "total_objects": 60,
    "classes": {
      "0": 60
    },
    "avg_confidence": 0.8298333333333332
  },
  "segmentation": {
    "total_frames": 0,
    "total_objects": 0,
    "unique_tracks": 0,
    "classes": {},
    "avg_confidence": 0
  }
}
2025-01-20 11:46:20,077 - DeepStreamLauncher - INFO - DeepStream STDOUT: Processing frame 60
2025-01-20 11:46:20,077 - DeepStreamLauncher - INFO - DeepStream STDOUT: Processing Stream[0]
2025-01-20 11:46:20,077 - DeepStreamLauncher - INFO - DeepStream STDOUT: Successfully wrote 100 bytes to Detection pipe
2025-01-20 11:46:20,078 - DeepStreamLauncher - INFO - DeepStream STDOUT: Sent detection data for frame 0
2025-01-20 11:46:20,084 - StreamProcessor - INFO - 
Detection (Stream 0) | Frame 0:
- Class ID: 0
- Confidence: 0.80
- BBox: x=401.4, y=270.8, w=514.1, h=268.7
2025-01-20 11:46:20,084 - DeepStreamLauncher - INFO - 
Stream Statistics:
2025-01-20 11:46:20,085 - DeepStreamLauncher - INFO - {
  "detection": {
    "total_frames": 1,
    "total_objects": 61,
    "classes": {
      "0": 61
    },
    "avg_confidence": 0.8293442622950817
  },
  "segmentation": {
    "total_frames": 0,
    "total_objects": 0,
    "unique_tracks": 0,
    "classes": {},
    "avg_confidence": 0
  }
}
2025-01-20 11:46:20,095 - DeepStreamLauncher - INFO - 
Stream Statistics:
2025-01-20 11:46:20,095 - DeepStreamLauncher - INFO - {
  "detection": {
    "total_frames": 1,
    "total_objects": 61,
    "classes": {
      "0": 61
    },
    "avg_confidence": 0.8293442622950817
  },
  "segmentation": {
    "total_frames": 0,
    "total_objects": 0,
    "unique_tracks": 0,
    "classes": {},
    "avg_confidence": 0
  }
}
2025-01-20 11:46:20,098 - DeepStreamLauncher - INFO - DeepStream STDOUT: Processing frame 61
2025-01-20 11:46:20,098 - DeepStreamLauncher - INFO - DeepStream STDOUT: Processing Stream[0]
2025-01-20 11:46:20,098 - DeepStreamLauncher - INFO - DeepStream STDOUT: Successfully wrote 100 bytes to Detection pipe
2025-01-20 11:46:20,098 - DeepStreamLauncher - INFO - DeepStream STDOUT: Sent detection data for frame 0
2025-01-20 11:46:20,105 - StreamProcessor - INFO - 
Detection (Stream 0) | Frame 0:
- Class ID: 0
- Confidence: 0.79
- BBox: x=402.0, y=271.2, w=516.0, h=268.5
2025-01-20 11:46:20,125 - DeepStreamLauncher - INFO - DeepStream STDOUT: Processing frame 62
2025-01-20 11:46:20,125 - DeepStreamLauncher - INFO - DeepStream STDOUT: Processing Stream[0]
2025-01-20 11:46:20,125 - DeepStreamLauncher - INFO - DeepStream STDOUT: Successfully wrote 100 bytes to Detection pipe
2025-01-20 11:46:20,125 - DeepStreamLauncher - INFO - DeepStream STDOUT: Sent detection data for frame 0
2025-01-20 11:46:20,126 - StreamProcessor - INFO - 
Detection (Stream 0) | Frame 0:
- Class ID: 0
- Confidence: 0.77
- BBox: x=402.0, y=270.8, w=516.0, h=268.7
2025-01-20 11:46:20,156 - DeepStreamLauncher - INFO - DeepStream STDOUT: Processing frame 63
2025-01-20 11:46:20,156 - DeepStreamLauncher - INFO - DeepStream STDOUT: Processing Stream[0]
2025-01-20 11:46:20,156 - DeepStreamLauncher - INFO - DeepStream STDOUT: Successfully wrote 100 bytes to Detection pipe
2025-01-20 11:46:20,157 - DeepStreamLauncher - INFO - DeepStream STDOUT: Sent detection data for frame 0
2025-01-20 11:46:20,161 - DeepStreamLauncher - INFO - DeepStream STDERR: 0:00:04.883617515 [336m278057[00m 0x55e17b3c8200 [36mINFO   [00m [00m             nvinfer gstnvinfer.cpp:680:gst_nvinfer_logger:<primary_gie>[00m NvDsInferContext[UID 2]: Info from NvDsInferContextImpl::deserializeEngineAndBackend() <nvdsinfer_context_impl.cpp:1909> [UID = 2]: deserialized trt engine from :/home/tat/DeepStream-Yolo-Seg/quan.onnx_b1_gpu0_fp16.engine
2025-01-20 11:46:20,166 - StreamProcessor - INFO - 
Detection (Stream 0) | Frame 0:
- Class ID: 0
- Confidence: 0.81
- BBox: x=401.8, y=271.3, w=523.9, h=268.3
2025-01-20 11:46:20,196 - DeepStreamLauncher - INFO - DeepStream STDOUT: WARNING: [TRT]: The getMaxBatchSize() function should not be used with an engine built from a network created with NetworkDefinitionCreationFlag::kEXPLICIT_BATCH flag. This function will always return 1.
2025-01-20 11:46:20,196 - DeepStreamLauncher - INFO - DeepStream STDOUT: INFO: ../nvdsinfer/nvdsinfer_model_builder.cpp:610 [Implicit Engine Info]: layers num: 5
2025-01-20 11:46:20,196 - DeepStreamLauncher - INFO - DeepStream STDOUT: 0   INPUT  kFLOAT input           3x640x640
2025-01-20 11:46:20,196 - DeepStreamLauncher - INFO - DeepStream STDOUT: 1   OUTPUT kFLOAT boxes           100x4
2025-01-20 11:46:20,196 - DeepStreamLauncher - INFO - DeepStream STDOUT: 2   OUTPUT kFLOAT scores          100x1
2025-01-20 11:46:20,196 - DeepStreamLauncher - INFO - DeepStream STDOUT: 3   OUTPUT kFLOAT classes         100x1
2025-01-20 11:46:20,196 - DeepStreamLauncher - INFO - DeepStream STDOUT: 4   OUTPUT kFLOAT masks           100x160x160
2025-01-20 11:46:20,196 - DeepStreamLauncher - INFO - DeepStream STDOUT: 
2025-01-20 11:46:20,196 - DeepStreamLauncher - INFO - DeepStream STDOUT: Processing frame 64
2025-01-20 11:46:20,196 - DeepStreamLauncher - INFO - DeepStream STDOUT: Processing Stream[0]
2025-01-20 11:46:20,196 - DeepStreamLauncher - INFO - DeepStream STDOUT: Successfully wrote 100 bytes to Detection pipe
2025-01-20 11:46:20,197 - StreamProcessor - INFO - 
Detection (Stream 0) | Frame 0:
- Class ID: 0
- Confidence: 0.81
- BBox: x=401.2, y=271.2, w=523.5, h=268.5
2025-01-20 11:46:20,197 - DeepStreamLauncher - INFO - DeepStream STDOUT: Sent detection data for frame 0
2025-01-20 11:46:20,204 - DeepStreamLauncher - INFO - DeepStream STDERR: 0:00:04.926448270 [336m278057[00m 0x55e17b3c8200 [36mINFO   [00m [00m             nvinfer gstnvinfer.cpp:680:gst_nvinfer_logger:<primary_gie>[00m NvDsInferContext[UID 2]: Info from NvDsInferContextImpl::generateBackendContext() <nvdsinfer_context_impl.cpp:2012> [UID = 2]: Use deserialized engine model: /home/tat/DeepStream-Yolo-Seg/quan.onnx_b1_gpu0_fp16.engine
2025-01-20 11:46:20,211 - DeepStreamLauncher - INFO - DeepStream STDERR: 0:00:04.933378848 [336m278057[00m 0x55e17b3c8200 [36mINFO   [00m [00m             nvinfer gstnvinfer_impl.cpp:328:notifyLoadModelStatus:<primary_gie>[00m [UID 2]: Load new model:/home/tat/deepstream-custom-app/configs/../configs/config_infer_primary_yoloV8_seg.txt sucessfully
2025-01-20 11:46:20,212 - DeepStreamLauncher - INFO - DeepStream STDERR: 0:00:04.934170134 [336m278057[00m 0x55e17b3c8200 [33;01mWARN   [00m [00m                v4l2 v4l2_calls.c:628:gst_v4l2_open:<source>[00m error: Device '/dev/video1' is not a capture device.
2025-01-20 11:46:20,212 - DeepStreamLauncher - INFO - DeepStream STDERR: 0:00:04.934176851 [336m278057[00m 0x55e17b3c8200 [33;01mWARN   [00m [00m                v4l2 v4l2_calls.c:628:gst_v4l2_open:<source>[00m error: Capabilities: 0x4a00000
2025-01-20 11:46:20,212 - DeepStreamLauncher - INFO - DeepStream STDERR: 0:00:04.934475563 [336m278057[00m 0x55e17b3c8200 [33;01mWARN   [00m [00m                v4l2 v4l2_calls.c:628:gst_v4l2_open:<source>[00m error: Device '/dev/video1' is not a capture device.
2025-01-20 11:46:20,212 - DeepStreamLauncher - INFO - DeepStream STDERR: 0:00:04.934483099 [336m278057[00m 0x55e17b3c8200 [33;01mWARN   [00m [00m                v4l2 v4l2_calls.c:628:gst_v4l2_open:<source>[00m error: Capabilities: 0x4a00000
2025-01-20 11:46:20,212 - DeepStreamLauncher - INFO - DeepStream STDERR: 0:00:04.934533876 [336m278057[00m 0x55e17b3c8200 [33;01mWARN   [00m [00;01m                 bin gstbin.c:2832:reset_state:<src_elem>[00m Failed to switch back down to READY
2025-01-20 11:46:20,213 - DeepStreamLauncher - INFO - DeepStream STDERR: 0:00:04.934947641 [336m278057[00m 0x55e17b3c8200 [33;01mWARN   [00m [00m                v4l2 v4l2_calls.c:628:gst_v4l2_open:<source>[00m error: Device '/dev/video1' is not a capture device.
2025-01-20 11:46:20,213 - DeepStreamLauncher - INFO - DeepStream STDERR: 0:00:04.934954690 [336m278057[00m 0x55e17b3c8200 [33;01mWARN   [00m [00m                v4l2 v4l2_calls.c:628:gst_v4l2_open:<source>[00m error: Capabilities: 0x4a00000
2025-01-20 11:46:20,213 - DeepStreamLauncher - INFO - DeepStream STDERR: 0:00:04.934976058 [336m278057[00m 0x55e17b3c8200 [33;01mWARN   [00m [00;01m                 bin gstbin.c:2832:reset_state:<src_sub_bin0>[00m Failed to switch back down to READY
2025-01-20 11:46:20,213 - DeepStreamLauncher - INFO - DeepStream STDOUT: [NvMultiObjectTracker] De-initialized
2025-01-20 11:46:20,245 - DeepStreamLauncher - INFO - DeepStream STDOUT: Processing frame 65
2025-01-20 11:46:20,245 - DeepStreamLauncher - INFO - DeepStream STDERR: 0:00:04.967366214 [336m278057[00m 0x55e17b3c8200 [33;01mWARN   [00m [00m                v4l2 v4l2_calls.c:628:gst_v4l2_open:<source>[00m error: Device '/dev/video1' is not a capture device.
2025-01-20 11:46:20,246 - DeepStreamLauncher - INFO - DeepStream STDOUT: Processing Stream[0]
2025-01-20 11:46:20,246 - DeepStreamLauncher - INFO - DeepStream STDERR: 0:00:04.967394475 [336m278057[00m 0x55e17b3c8200 [33;01mWARN   [00m [00m                v4l2 v4l2_calls.c:628:gst_v4l2_open:<source>[00m error: Capabilities: 0x4a00000
2025-01-20 11:46:20,246 - DeepStreamLauncher - INFO - DeepStream STDOUT: Successfully wrote 100 bytes to Detection pipe
2025-01-20 11:46:20,246 - DeepStreamLauncher - INFO - DeepStream STDOUT: Sent detection data for frame 0
2025-01-20 11:46:20,246 - DeepStreamLauncher - INFO - DeepStream STDOUT: Failed to set pipeline 1 to PLAYING
2025-01-20 11:46:20,246 - DeepStreamLauncher - INFO - DeepStream STDOUT: Cleaning up...
2025-01-20 11:46:20,246 - DeepStreamLauncher - INFO - DeepStream STDERR: 0:00:04.967434265 [336m278057[00m 0x55e17b3c8200 [33;01mWARN   [00m [00;01m                 bin gstbin.c:2832:reset_state:<multi_src_bin>[00m Failed to switch back down to READY
2025-01-20 11:46:20,247 - StreamProcessor - INFO - 
Detection (Stream 0) | Frame 0:
- Class ID: 0
- Confidence: 0.81
- BBox: x=401.2, y=270.4, w=527.2, h=269.2
2025-01-20 11:46:22,328 - DeepStreamLauncher - INFO - DeepStream STDOUT: Application completed successfully
2025-01-20 11:46:22,482 - DeepStreamLauncher - INFO - Stopping DeepStream Launcher...
2025-01-20 11:46:22,482 - DeepStreamLauncher - INFO - Terminating DeepStream process...
2025-01-20 11:46:22,983 - DeepStreamLauncher - INFO - DeepStream Launcher stopped
