2025-02-10 11:16:22,948 - DeepStreamLauncher - INFO - Starting DeepStream Launcher...
2025-02-10 11:16:22,948 - DeepStreamLauncher - INFO - Created pipe: /tmp/ds_detection_pipe
2025-02-10 11:16:22,948 - DeepStreamLauncher - INFO - Created pipe: /tmp/ds_segmentation_pipe
2025-02-10 11:16:23,048 - DeepStreamLauncher - INFO - Opening pipes for reading...
2025-02-10 11:16:23,049 - DeepStreamLauncher - INFO - Opened pipe: /tmp/ds_detection_pipe
2025-02-10 11:16:23,049 - DeepStreamLauncher - INFO - Opened pipe: /tmp/ds_segmentation_pipe
2025-02-10 11:16:23,049 - DeepStreamLauncher - INFO - Starting DeepStream...
2025-02-10 11:16:23,050 - DeepStreamLauncher - INFO - DeepStream process PID: 336852
2025-02-10 11:16:23,068 - DeepStreamLauncher - INFO - DeepStream STDOUT: Setting up IPC pipes...
2025-02-10 11:16:23,068 - DeepStreamLauncher - INFO - DeepStream STDOUT: Opening detection pipe for writing...
2025-02-10 11:16:23,068 - DeepStreamLauncher - INFO - DeepStream STDERR: 
2025-02-10 11:16:23,068 - DeepStreamLauncher - INFO - DeepStream STDOUT: Opening segmentation pipe for writing...
2025-02-10 11:16:23,068 - DeepStreamLauncher - INFO - DeepStream STDERR: (deepstream-app:336852): GLib-CRITICAL **: 11:16:23.068: g_key_file_load_from_file: assertion 'file != NULL' failed
2025-02-10 11:16:23,069 - DeepStreamLauncher - INFO - DeepStream STDOUT: Both pipes opened successfully
2025-02-10 11:16:23,069 - DeepStreamLauncher - INFO - DeepStream STDOUT: Initializing config files...
2025-02-10 11:16:23,069 - DeepStreamLauncher - INFO - DeepStream STDOUT: Parsing config file for Stream[0]: /home/tat/deepstream-custom-app/configs/deepstream_app_config_seg.txt
2025-02-10 11:16:23,069 - DeepStreamLauncher - INFO - DeepStream STDOUT: ** WARN: <parse_source:649>: Unknown key 'convert-ops' for group [source0]
2025-02-10 11:16:23,069 - DeepStreamLauncher - INFO - DeepStream STDOUT: ** WARN: <parse_source:649>: Unknown key 'roi-params' for group [source0]
2025-02-10 11:16:23,069 - DeepStreamLauncher - INFO - DeepStream STDOUT: Parsing config file for Stream[1]: (null)
2025-02-10 11:16:25,054 - DeepStreamLauncher - ERROR - DeepStream failed to start: 
2025-02-10 11:16:25,054 - DeepStreamLauncher - ERROR - Failed to start DeepStream
2025-02-10 11:16:25,054 - DeepStreamLauncher - INFO - Stopping DeepStream Launcher...
2025-02-10 11:16:25,055 - DeepStreamLauncher - INFO - Terminating DeepStream process...
2025-02-10 11:16:25,556 - DeepStreamLauncher - INFO - DeepStream Launcher stopped
2025-02-10 11:16:25,556 - DeepStreamLauncher - INFO - Stopping DeepStream Launcher...
2025-02-10 11:16:26,057 - DeepStreamLauncher - INFO - DeepStream Launcher stopped
