2025-01-22 15:37:23,573 - DeepStreamLauncher - INFO - Starting DeepStream Launcher...
2025-01-22 15:37:23,573 - DeepStreamLauncher - INFO - Created pipe: /tmp/ds_detection_pipe
2025-01-22 15:37:23,573 - DeepStreamLauncher - INFO - Created pipe: /tmp/ds_segmentation_pipe
2025-01-22 15:37:23,674 - DeepStreamLauncher - INFO - Opening pipes for reading...
2025-01-22 15:37:23,674 - DeepStreamLauncher - INFO - Opened pipe: /tmp/ds_detection_pipe
2025-01-22 15:37:23,674 - DeepStreamLauncher - INFO - Opened pipe: /tmp/ds_segmentation_pipe
2025-01-22 15:37:23,674 - DeepStreamLauncher - INFO - Starting DeepStream...
2025-01-22 15:37:23,675 - DeepStreamLauncher - INFO - DeepStream process PID: 834058
2025-01-22 15:37:23,692 - DeepStreamLauncher - INFO - DeepStream STDOUT: Setting up IPC pipes...
2025-01-22 15:37:23,692 - DeepStreamLauncher - INFO - DeepStream STDOUT: Opening detection pipe for writing...
2025-01-22 15:37:23,693 - DeepStreamLauncher - INFO - DeepStream STDOUT: Opening segmentation pipe for writing...
2025-01-22 15:37:23,693 - DeepStreamLauncher - INFO - DeepStream STDOUT: Both pipes opened successfully
2025-01-22 15:37:23,693 - DeepStreamLauncher - INFO - DeepStream STDOUT: Initializing config files...
2025-01-22 15:37:23,693 - DeepStreamLauncher - INFO - DeepStream STDOUT: Parsing config file for Stream[0]: /home/tat/deepstream-custom-app/configs/deepstream_app_config_box_wedcam.txt
2025-01-22 15:37:23,693 - DeepStreamLauncher - INFO - DeepStream STDOUT: Parsing config file for Stream[1]: /home/tat/deepstream-custom-app/configs/deepstream_app_config_seg.txt
2025-01-22 15:37:23,693 - DeepStreamLauncher - INFO - DeepStream STDOUT: ROI set to: x=320, y=180, w=1280, h=720
2025-01-22 15:37:23,693 - DeepStreamLauncher - INFO - DeepStream STDOUT: ** WARN: <parse_gie:1388>: Unknown key 'process-mode' for group [primary-gie]
2025-01-22 15:37:23,693 - DeepStreamLauncher - INFO - DeepStream STDOUT: ** WARN: <parse_gie:1388>: Unknown key 'operate-on-rect-roi' for group [primary-gie]
2025-01-22 15:37:23,693 - DeepStreamLauncher - INFO - DeepStream STDOUT: ** WARN: <parse_gie:1388>: Unknown key 'input-object-min-width' for group [primary-gie]
2025-01-22 15:37:23,693 - DeepStreamLauncher - INFO - DeepStream STDOUT: ** WARN: <parse_gie:1388>: Unknown key 'input-object-min-height' for group [primary-gie]
2025-01-22 15:37:23,693 - DeepStreamLauncher - INFO - DeepStream STDOUT: ** WARN: <parse_gie:1388>: Unknown key 'input-object-max-width' for group [primary-gie]
2025-01-22 15:37:23,693 - DeepStreamLauncher - INFO - DeepStream STDOUT: ** WARN: <parse_gie:1388>: Unknown key 'input-object-max-height' for group [primary-gie]
2025-01-22 15:37:23,693 - DeepStreamLauncher - INFO - DeepStream STDOUT: Creating pipelines...
2025-01-22 15:37:23,693 - DeepStreamLauncher - INFO - DeepStream STDOUT: Creating pipeline for Stream[0]
2025-01-22 15:37:23,936 - DeepStreamLauncher - INFO - DeepStream STDOUT: Creating pipeline for Stream[1]
2025-01-22 15:37:23,939 - DeepStreamLauncher - INFO - DeepStream STDERR: 
2025-01-22 15:37:23,939 - DeepStreamLauncher - INFO - DeepStream STDERR: (deepstream-app:834058): GLib-CRITICAL **: 15:37:23.939: g_key_file_load_from_file: assertion 'file != NULL' failed
2025-01-22 15:37:25,676 - DeepStreamLauncher - ERROR - DeepStream failed to start: 
2025-01-22 15:37:25,676 - DeepStreamLauncher - ERROR - Failed to start DeepStream
2025-01-22 15:37:25,676 - DeepStreamLauncher - INFO - Stopping DeepStream Launcher...
2025-01-22 15:37:25,676 - DeepStreamLauncher - INFO - Terminating DeepStream process...
2025-01-22 15:37:26,176 - DeepStreamLauncher - INFO - DeepStream Launcher stopped
2025-01-22 15:37:26,177 - DeepStreamLauncher - INFO - Stopping DeepStream Launcher...
2025-01-22 15:37:26,677 - DeepStreamLauncher - INFO - DeepStream Launcher stopped
