2025-01-22 15:52:32,566 - DeepStreamLauncher - INFO - Starting DeepStream Launcher...
2025-01-22 15:52:32,566 - DeepStreamLauncher - INFO - Created pipe: /tmp/ds_detection_pipe
2025-01-22 15:52:32,566 - DeepStreamLauncher - INFO - Created pipe: /tmp/ds_segmentation_pipe
2025-01-22 15:52:32,666 - DeepStreamLauncher - INFO - Opening pipes for reading...
2025-01-22 15:52:32,666 - DeepStreamLauncher - INFO - Opened pipe: /tmp/ds_detection_pipe
2025-01-22 15:52:32,666 - DeepStreamLauncher - INFO - Opened pipe: /tmp/ds_segmentation_pipe
2025-01-22 15:52:32,666 - DeepStreamLauncher - INFO - Starting DeepStream...
2025-01-22 15:52:32,667 - DeepStreamLauncher - INFO - DeepStream process PID: 866804
2025-01-22 15:52:32,683 - DeepStreamLauncher - INFO - DeepStream STDOUT: Setting up IPC pipes...
2025-01-22 15:52:32,683 - DeepStreamLauncher - INFO - DeepStream STDOUT: Opening detection pipe for writing...
2025-01-22 15:52:32,683 - DeepStreamLauncher - INFO - DeepStream STDOUT: Opening segmentation pipe for writing...
2025-01-22 15:52:32,683 - DeepStreamLauncher - INFO - DeepStream STDOUT: Both pipes opened successfully
2025-01-22 15:52:32,683 - DeepStreamLauncher - INFO - DeepStream STDOUT: Initializing config files...
2025-01-22 15:52:32,683 - DeepStreamLauncher - INFO - DeepStream STDOUT: Parsing config file for Stream[0]: /home/tat/deepstream-custom-app/configs/deepstream_app_config_box_wedcam.txt
2025-01-22 15:52:32,683 - DeepStreamLauncher - INFO - DeepStream STDOUT: Parsing config file for Stream[1]: /home/tat/deepstream-custom-app/configs/deepstream_app_config_seg.txt
2025-01-22 15:52:32,683 - DeepStreamLauncher - INFO - DeepStream STDOUT: ROI set to: x=320, y=180, w=1280, h=720
2025-01-22 15:52:32,684 - DeepStreamLauncher - INFO - DeepStream STDOUT: ** WARN: <parse_streammux:779>: Unknown key 'batch-timeout' for group [streammux]
2025-01-22 15:52:32,684 - DeepStreamLauncher - INFO - DeepStream STDOUT: ** WARN: <parse_gie:1388>: Unknown key 'operate-on-roi' for group [primary-gie]
2025-01-22 15:52:32,684 - DeepStreamLauncher - INFO - DeepStream STDOUT: ** WARN: <parse_gie:1388>: Unknown key 'region-of-interest' for group [primary-gie]
2025-01-22 15:52:32,684 - DeepStreamLauncher - INFO - DeepStream STDOUT: Creating pipelines...
2025-01-22 15:52:32,684 - DeepStreamLauncher - INFO - DeepStream STDOUT: Creating pipeline for Stream[0]
2025-01-22 15:52:32,927 - DeepStreamLauncher - INFO - DeepStream STDOUT: Creating pipeline for Stream[1]
2025-01-22 15:52:32,930 - DeepStreamLauncher - INFO - DeepStream STDERR: 
2025-01-22 15:52:32,930 - DeepStreamLauncher - INFO - DeepStream STDERR: (deepstream-app:866804): GLib-CRITICAL **: 15:52:32.930: g_key_file_load_from_file: assertion 'file != NULL' failed
2025-01-22 15:52:34,668 - DeepStreamLauncher - ERROR - DeepStream failed to start: 
2025-01-22 15:52:34,668 - DeepStreamLauncher - ERROR - Failed to start DeepStream
2025-01-22 15:52:34,668 - DeepStreamLauncher - INFO - Stopping DeepStream Launcher...
2025-01-22 15:52:34,668 - DeepStreamLauncher - INFO - Terminating DeepStream process...
2025-01-22 15:52:35,168 - DeepStreamLauncher - INFO - DeepStream Launcher stopped
2025-01-22 15:52:35,168 - DeepStreamLauncher - INFO - Stopping DeepStream Launcher...
2025-01-22 15:52:35,669 - DeepStreamLauncher - INFO - DeepStream Launcher stopped
