2025-02-10 11:16:29,249 - DeepStreamLauncher - INFO - Starting DeepStream Launcher...
2025-02-10 11:16:29,249 - DeepStreamLauncher - INFO - Created pipe: /tmp/ds_detection_pipe
2025-02-10 11:16:29,249 - DeepStreamLauncher - INFO - Created pipe: /tmp/ds_segmentation_pipe
2025-02-10 11:16:29,349 - DeepStreamLauncher - INFO - Opening pipes for reading...
2025-02-10 11:16:29,350 - DeepStreamLauncher - INFO - Opened pipe: /tmp/ds_detection_pipe
2025-02-10 11:16:29,350 - DeepStreamLauncher - INFO - Opened pipe: /tmp/ds_segmentation_pipe
2025-02-10 11:16:29,350 - DeepStreamLauncher - INFO - Starting DeepStream...
2025-02-10 11:16:29,351 - DeepStreamLauncher - INFO - DeepStream process PID: 337162
2025-02-10 11:16:29,370 - DeepStreamLauncher - INFO - DeepStream STDOUT: Setting up IPC pipes...
2025-02-10 11:16:29,370 - DeepStreamLauncher - INFO - DeepStream STDOUT: Opening detection pipe for writing...
2025-02-10 11:16:29,370 - DeepStreamLauncher - INFO - DeepStream STDOUT: Opening segmentation pipe for writing...
2025-02-10 11:16:29,370 - DeepStreamLauncher - INFO - DeepStream STDOUT: Both pipes opened successfully
2025-02-10 11:16:29,370 - DeepStreamLauncher - INFO - DeepStream STDOUT: Initializing config files...
2025-02-10 11:16:29,370 - DeepStreamLauncher - INFO - DeepStream STDOUT: Parsing config file for Stream[0]: /home/tat/deepstream-custom-app/configs/deepstream_app_config_seg.txt
2025-02-10 11:16:29,370 - DeepStreamLauncher - INFO - DeepStream STDOUT: ** WARN: <parse_source:649>: Unknown key 'convert-ops' for group [source0]
2025-02-10 11:16:29,370 - DeepStreamLauncher - INFO - DeepStream STDERR: 
2025-02-10 11:16:29,370 - DeepStreamLauncher - INFO - DeepStream STDOUT: ** WARN: <parse_source:649>: Unknown key 'roi-params' for group [source0]
2025-02-10 11:16:29,370 - DeepStreamLauncher - INFO - DeepStream STDERR: (deepstream-app:337162): GLib-CRITICAL **: 11:16:29.370: g_key_file_load_from_file: assertion 'file != NULL' failed
2025-02-10 11:16:29,371 - DeepStreamLauncher - INFO - DeepStream STDOUT: Parsing config file for Stream[1]: (null)
2025-02-10 11:16:31,353 - DeepStreamLauncher - ERROR - DeepStream failed to start: 
2025-02-10 11:16:31,354 - DeepStreamLauncher - ERROR - Failed to start DeepStream
2025-02-10 11:16:31,354 - DeepStreamLauncher - INFO - Stopping DeepStream Launcher...
2025-02-10 11:16:31,354 - DeepStreamLauncher - INFO - Terminating DeepStream process...
2025-02-10 11:16:31,856 - DeepStreamLauncher - INFO - DeepStream Launcher stopped
2025-02-10 11:16:31,856 - DeepStreamLauncher - INFO - Stopping DeepStream Launcher...
2025-02-10 11:16:32,357 - DeepStreamLauncher - INFO - DeepStream Launcher stopped
